#
# A fatal error has been detected by the Java Runtime Environment:
#
#  SIGSEGV (0xb) at pc=0x000000010304ec3c, pid=74294, tid=0x0000000000003607
#
# JRE version: Java(TM) SE Runtime Environment (8.0_221-b11) (build 1.8.0_221-b11)
# Java VM: Java HotSpot(TM) 64-Bit Server VM (25.221-b11 mixed mode bsd-amd64 compressed oops)
# Problematic frame:
# V  [libjvm.dylib+0x24ec3c]  frame::sender(RegisterMap*) const+0x78
#
# Failed to write core dump. Core dumps have been disabled. To enable core dumping, try "ulimit -c unlimited" before starting Java again
#
# If you would like to submit a bug report, please visit:
#   http://bugreport.java.com/bugreport/crash.jsp
#

---------------  T H R E A D  ---------------

Current thread (0x00007febba00d000):  JavaThread "JDWP Transport Listener: dt_socket" daemon [_thread_in_vm, id=13831, stack(0x000070000e38c000,0x000070000e48c000)]

siginfo: si_signo: 11 (SIGSEGV), si_code: 1 (SEGV_MAPERR), si_addr: 0x0000700008df4ad0

Registers:
RAX=0x0000700008df4ad0, RBX=0x000070000e48ad90, RCX=0x0000000109100938, RDX=0x0000000110c45620
RSP=0x000070000e48ad00, RBP=0x000070000e48ad20, RSI=0x00007febbd940818, RDI=0x00007febbd940818
R8 =0x00007febbd9408a8, R9 =0x000070000e48ae20, R10=0x000070000d9dd870, R11=0xfffff01450b4a578
R12=0x000070000e48ad90, R13=0x00007febba00d000, R14=0x000070000e48adc0, R15=0x00007febbd940818
RIP=0x000000010304ec3c, EFLAGS=0x0000000000010246, ERR=0x0000000000000004
  TRAPNO=0x000000000000000e

Top of Stack: (sp=0x000070000e48ad00)
0x000070000e48ad00:   000070000e48adc0 00007febb9e07100
0x000070000e48ad10:   000070000e48ad90 000070000e48b3b0
0x000070000e48ad20:   000070000e48ad80 000000010304d640
0x000070000e48ad30:   000070000e48ad70 000000010304e9c4
0x000070000e48ad40:   0000000000007fe8 000070000e48ae10
0x000070000e48ad50:   000070000e48ae10 00007febbd940210
0x000070000e48ad60:   00007febb9e07100 00007febbd940810
0x000070000e48ad70:   0000000000000e15 000070000e48b3b0
0x000070000e48ad80:   000070000e48b380 00000001033aefa2
0x000070000e48ad90:   000070000da56670 0000000109100938
0x000070000e48ada0:   0000000000000000 0000000100000000
0x000070000e48adb0:   0000700008df4ad0 000070000da56670
0x000070000e48adc0:   0000000000000000 0000000000000000
0x000070000e48add0:   0000000000000000 0000000000000000
0x000070000e48ade0:   0000000000000000 0000000000000000
0x000070000e48adf0:   0000000000000000 0000000000000000
0x000070000e48ae00:   0000000000000000 0000000000000000
0x000070000e48ae10:   000070000d9dd870 000070000d9dd870
0x000070000e48ae20:   0000000000000000 0000000000000000
0x000070000e48ae30:   0000000000000000 0000000000000000
0x000070000e48ae40:   0000000000000000 0000000000000000
0x000070000e48ae50:   0000000000000000 0000000000000000
0x000070000e48ae60:   0000000000000000 0000000000000000
0x000070000e48ae70:   0000000000000000 0000000000000000
0x000070000e48ae80:   0000000000000000 0000000000000000
0x000070000e48ae90:   0000000000000000 0000000000000000
0x000070000e48aea0:   0000000000000000 0000000000000000
0x000070000e48aeb0:   0000000000000000 0000000000000000
0x000070000e48aec0:   0000000000000000 0000000000000000
0x000070000e48aed0:   0000000000000000 0000000000000000
0x000070000e48aee0:   0000000000000000 0000000000000000
0x000070000e48aef0:   0000000000000000 0000000000000000 

Instructions: (pc=0x000000010304ec3c)
0x000000010304ec1c:   fd ff ff eb 77 49 83 7f 10 00 74 10 4c 89 e7 4c
0x000000010304ec2c:   89 fe 4c 89 f2 e8 06 fe ff ff eb 60 49 8b 47 20
0x000000010304ec3c:   48 8b 08 48 8b 78 08 48 83 c0 10 49 89 04 24 49
0x000000010304ec4c:   89 44 24 28 49 89 4c 24 20 49 89 7c 24 08 e8 83 

Register to memory mapping:

RAX=0x0000700008df4ad0 is an unknown value
RBX=0x000070000e48ad90 is pointing into the stack for thread: 0x00007febba00d000
RCX=0x0000000109100938 is pointing into metadata
RDX=0x0000000110c45620 is pointing into interpreter code (not bytecode specific)
RSP=0x000070000e48ad00 is pointing into the stack for thread: 0x00007febba00d000
RBP=0x000070000e48ad20 is pointing into the stack for thread: 0x00007febba00d000
RSI=0x00007febbd940818 is an unknown value
RDI=0x00007febbd940818 is an unknown value
R8 =0x00007febbd9408a8 is an unknown value
R9 =0x000070000e48ae20 is pointing into the stack for thread: 0x00007febba00d000
R10=0x000070000d9dd870 is pointing into the stack for thread: 0x00007febbc009800
R11=0xfffff01450b4a578 is an unknown value
R12=0x000070000e48ad90 is pointing into the stack for thread: 0x00007febba00d000
R13=0x00007febba00d000 is a thread
R14=0x000070000e48adc0 is pointing into the stack for thread: 0x00007febba00d000
R15=0x00007febbd940818 is an unknown value


Stack: [0x000070000e38c000,0x000070000e48c000],  sp=0x000070000e48ad00,  free space=1019k
Native frames: (J=compiled Java code, j=interpreted, Vv=VM code, C=native code)
V  [libjvm.dylib+0x24ec3c]  frame::sender(RegisterMap*) const+0x78
V  [libjvm.dylib+0x24d640]  frame::real_sender(RegisterMap*) const+0x1e
V  [libjvm.dylib+0x5aefa2]  vframe::sender() const+0x58
V  [libjvm.dylib+0x5aea49]  vframe::java_sender() const+0x2d
V  [libjvm.dylib+0x38f452]  JvmtiEnvBase::vframeFor(JavaThread*, int)+0x5c
V  [libjvm.dylib+0x38f7cb]  JvmtiEnvBase::get_frame_location(JavaThread*, int, _jmethodID**, long*)+0x6f
V  [libjvm.dylib+0x38b1e2]  JvmtiEnv::GetFrameLocation(JavaThread*, int, _jmethodID**, long*)+0x50
V  [libjvm.dylib+0x360ce7]  jvmti_GetFrameLocation+0x156
C  [libjdwp.dylib+0x8666]  frames+0x1f5
C  [libjdwp.dylib+0xe50c]  debugLoop_run+0x1c2
C  [libjdwp.dylib+0x1f5de]  attachThread+0x4d
V  [libjvm.dylib+0x39d9d0]  JvmtiAgentThread::call_start_function()+0x38
V  [libjvm.dylib+0x570b93]  JavaThread::thread_main_inner()+0x9b
V  [libjvm.dylib+0x57228e]  JavaThread::run()+0x1c2
V  [libjvm.dylib+0x48f30a]  java_start(Thread*)+0xf6
C  [libsystem_pthread.dylib+0x6109]  _pthread_start+0x94
C  [libsystem_pthread.dylib+0x1b8b]  thread_start+0xf
C  0x0000000000000000


---------------  P R O C E S S  ---------------

Java Threads: ( => current thread )
  0x00007febba8e2000 JavaThread "SIGTERM handler" daemon [_thread_blocked, id=18695, stack(0x000070000e592000,0x000070000e692000)]
  0x00007febba034000 JavaThread "Service Thread" daemon [_thread_blocked, id=15619, stack(0x000070000e99e000,0x000070000ea9e000)]
  0x00007febba8d6800 JavaThread "C1 CompilerThread2" daemon [_thread_blocked, id=15363, stack(0x000070000e89b000,0x000070000e99b000)]
  0x00007febba8d5800 JavaThread "C2 CompilerThread1" daemon [_thread_blocked, id=17923, stack(0x000070000e798000,0x000070000e898000)]
  0x00007febba015000 JavaThread "C2 CompilerThread0" daemon [_thread_blocked, id=18435, stack(0x000070000e695000,0x000070000e795000)]
  0x00007febbb028800 JavaThread "JDWP Event Helper Thread" daemon [_thread_blocked, id=14339, stack(0x000070000e48f000,0x000070000e58f000)]
=>0x00007febba00d000 JavaThread "JDWP Transport Listener: dt_socket" daemon [_thread_in_vm, id=13831, stack(0x000070000e38c000,0x000070000e48c000)]
  0x00007febba84f800 JavaThread "Signal Dispatcher" daemon [_thread_blocked, id=18947, stack(0x000070000e289000,0x000070000e389000)]
  0x00007febba838000 JavaThread "Finalizer" daemon [_thread_blocked, id=20739, stack(0x000070000e080000,0x000070000e180000)]
  0x00007febbb008800 JavaThread "Reference Handler" daemon [_thread_blocked, id=20995, stack(0x000070000df7d000,0x000070000e07d000)]
  0x00007febbc009800 JavaThread "main" [_thread_blocked, id=3075, stack(0x000070000d96b000,0x000070000da6b000)]

Other Threads:
  0x00007febba82d800 VMThread [stack: 0x000070000de7a000,0x000070000df7a000] [id=21251]

VM state:synchronizing (normal execution)

VM Mutex/Monitor currently owned by a thread:  ([mutex/lock_event])
[0x00007febb9c0de10] Threads_lock - owner thread: 0x00007febba82d800
[0x00007febb9c0e810] Compile_lock - owner thread: 0x00007febbc009800

OutOfMemory and StackOverflow Exception counts:
StackOverflowErrors=1

heap address: 0x0000000740000000, size: 2048 MB, Compressed Oops mode: Zero based, Oop shift amount: 3
Narrow klass base: 0x0000000000000000, Narrow klass shift: 3
Compressed class space size: 1073741824 Address: 0x00000007c0000000

Heap:
 PSYoungGen      total 38400K, used 7388K [0x0000000795580000, 0x0000000798000000, 0x00000007c0000000)
  eden space 33280K, 22% used [0x0000000795580000,0x0000000795cb7240,0x0000000797600000)
  from space 5120K, 0% used [0x0000000797b00000,0x0000000797b00000,0x0000000798000000)
  to   space 5120K, 0% used [0x0000000797600000,0x0000000797600000,0x0000000797b00000)
 ParOldGen       total 87552K, used 0K [0x0000000740000000, 0x0000000745580000, 0x0000000795580000)
  object space 87552K, 0% used [0x0000000740000000,0x0000000740000000,0x0000000745580000)
 Metaspace       used 4895K, capacity 5010K, committed 5248K, reserved 1056768K
  class space    used 513K, capacity 561K, committed 640K, reserved 1048576K

Card table byte_map: [0x00000001041ed000,0x00000001045ee000] byte_map_base: 0x00000001007ed000

Marking Bits: (ParMarkBitMap*) 0x00000001036fbe40
 Begin Bits: [0x0000000104899000, 0x0000000106899000)
 End Bits:   [0x0000000106899000, 0x0000000108899000)

Polling page: 0x00000001025ac000

CodeCache: size=245760Kb used=1321Kb max_used=1333Kb free=244438Kb
 bounds [0x0000000110c40000, 0x0000000110eb0000, 0x000000011fc40000]
 total_blobs=395 nmethods=111 adapters=206
 compilation: enabled

Compilation events (10 events):
Event: 1.273 Thread 0x00007febba8d6800 nmethod 107 0x0000000110d88b10 code [0x0000000110d88c80, 0x0000000110d88e70]
Event: 1.273 Thread 0x00007febba8d6800  108       3       org.eclipse.jdt.launching.internal.org.objectweb.asm.ClassReader::readUnsignedShort (26 bytes)
Event: 1.273 Thread 0x00007febba8d6800 nmethod 108 0x0000000110d88f50 code [0x0000000110d890c0, 0x0000000110d89270]
Event: 1.273 Thread 0x00007febba8d6800  109       3       java.util.concurrent.ConcurrentHashMap::spread (10 bytes)
Event: 1.273 Thread 0x00007febba8d6800 nmethod 109 0x0000000110d89390 code [0x0000000110d894e0, 0x0000000110d89630]
Event: 1.275 Thread 0x00007febba8d6800  110       3       java.nio.Buffer::checkIndex (22 bytes)
Event: 1.275 Thread 0x00007febba8d6800 nmethod 110 0x0000000110d89c90 code [0x0000000110d89e20, 0x0000000110d8a0c8]
Event: 1.275 Thread 0x00007febba8d6800  111       3       java.nio.DirectLongBufferU::ix (10 bytes)
Event: 1.275 Thread 0x00007febba8d6800 nmethod 111 0x0000000110d8a1d0 code [0x0000000110d8a320, 0x0000000110d8a490]
Event: 1.276 Thread 0x00007febba015000 nmethod 104 0x0000000110d8d410 code [0x0000000110d8d580, 0x0000000110d8d898]

GC Heap History (0 events):
No events

Deoptimization events (0 events):
No events

Classes redefined (0 events):
No events

Internal exceptions (4 events):
Event: 0.079 Thread 0x00007febbc009800 Exception <a 'java/lang/NoSuchMethodError': Method sun.misc.Unsafe.defineClass(Ljava/lang/String;[BII)Ljava/lang/Class; name or signature does not match> (0x0000000795587cb8) thrown at [/Users/java_re/workspace/8-2-build-macosx-x86_64/jdk8u221/13320/hotsp
Event: 0.079 Thread 0x00007febbc009800 Exception <a 'java/lang/NoSuchMethodError': Method sun.misc.Unsafe.prefetchRead(Ljava/lang/Object;J)V name or signature does not match> (0x0000000795587fa0) thrown at [/Users/java_re/workspace/8-2-build-macosx-x86_64/jdk8u221/13320/hotspot/src/share/vm/pr
Event: 16.861 Thread 0x00007febbc009800 Exception <a 'java/lang/StackOverflowError'> (0x0000000795b60dd0) thrown at [/Users/java_re/workspace/8-2-build-macosx-x86_64/jdk8u221/13320/hotspot/src/share/vm/interpreter/interpreterRuntime.cpp, line 325]
Event: 41.032 Thread 0x00007febbc009800 Exception <a 'java/io/IOException'> (0x0000000795b64d08) thrown at [/Users/java_re/workspace/8-2-build-macosx-x86_64/jdk8u221/13320/hotspot/src/share/vm/prims/jni.cpp, line 710]

Events (10 events):
Event: 41.017 loading class sun/misc/Signal$1
Event: 41.024 loading class sun/misc/Signal$1 done
Event: 41.025 Thread 0x00007febba8e2000 Thread added: 0x00007febba8e2000
Event: 41.025 loading class java/lang/Shutdown
Event: 41.025 loading class java/lang/Shutdown done
Event: 41.025 loading class java/lang/Shutdown$Lock
Event: 41.025 loading class java/lang/Shutdown$Lock done
Event: 41.032 loading class java/io/InterruptedIOException
Event: 41.034 loading class java/io/InterruptedIOException done
Event: 41.035 Executing VM operation: Deoptimize


Dynamic libraries:
0x00007fff30d34000 	/System/Library/Frameworks/Cocoa.framework/Versions/A/Cocoa
0x00007fff3e52b000 	/System/Library/Frameworks/Security.framework/Versions/A/Security
0x00007fff2fc99000 	/System/Library/Frameworks/ApplicationServices.framework/Versions/A/ApplicationServices
0x00007fff6b215000 	/usr/lib/libz.1.dylib
0x00007fff68cd9000 	/usr/lib/libSystem.B.dylib
0x00007fff6ab39000 	/usr/lib/libobjc.A.dylib
0x00007fff31bd6000 	/System/Library/Frameworks/CoreFoundation.framework/Versions/A/CoreFoundation
0x00007fff34293000 	/System/Library/Frameworks/Foundation.framework/Versions/C/Foundation
0x00007fff2ee89000 	/System/Library/Frameworks/AppKit.framework/Versions/C/AppKit
0x00007fff316b8000 	/System/Library/Frameworks/CoreData.framework/Versions/A/CoreData
0x00007fff62cef000 	/System/Library/PrivateFrameworks/UIFoundation.framework/Versions/A/UIFoundation
0x00007fff5dd83000 	/System/Library/PrivateFrameworks/RemoteViewServices.framework/Versions/A/RemoteViewServices
0x00007fff65849000 	/System/Library/PrivateFrameworks/XCTTargetBootstrap.framework/Versions/A/XCTTargetBootstrap
0x00007fff31aa3000 	/System/Library/Frameworks/CoreDisplay.framework/Versions/A/CoreDisplay
0x00007fff3714d000 	/System/Library/Frameworks/Metal.framework/Versions/A/Metal
0x00007fff4bd44000 	/System/Library/PrivateFrameworks/DesktopServicesPriv.framework/Versions/A/DesktopServicesPriv
0x00007fff69e14000 	/usr/lib/liblangid.dylib
0x00007fff4afd9000 	/System/Library/PrivateFrameworks/CoreSVG.framework/Versions/A/CoreSVG
0x00007fff60edf000 	/System/Library/PrivateFrameworks/SkyLight.framework/Versions/A/SkyLight
0x00007fff32057000 	/System/Library/Frameworks/CoreGraphics.framework/Versions/A/CoreGraphics
0x00007fff2d85d000 	/System/Library/Frameworks/Accelerate.framework/Versions/A/Accelerate
0x00007fff6b106000 	/usr/lib/libxml2.2.dylib
0x00007fff56ce2000 	/System/Library/PrivateFrameworks/IconServices.framework/Versions/A/IconServices
0x00007fff34a72000 	/System/Library/Frameworks/IOSurface.framework/Versions/A/IOSurface
0x00007fff68803000 	/usr/lib/libDiagnosticMessagesClient.dylib
0x00007fff4bb9e000 	/System/Library/PrivateFrameworks/DFRFoundation.framework/Versions/A/DFRFoundation
0x00007fff69ba3000 	/usr/lib/libicucore.A.dylib
0x00007fff2ffcb000 	/System/Library/Frameworks/AudioToolbox.framework/Versions/A/AudioToolbox
0x00007fff300ae000 	/System/Library/Frameworks/AudioUnit.framework/Versions/A/AudioUnit
0x00007fff68edb000 	/usr/lib/libauto.dylib
0x00007fff4bc40000 	/System/Library/PrivateFrameworks/DataDetectorsCore.framework/Versions/A/DataDetectorsCore
0x00007fff30855000 	/System/Library/Frameworks/Carbon.framework/Versions/A/Frameworks/HIToolbox.framework/Versions/A/HIToolbox
0x00007fff3d725000 	/System/Library/Frameworks/QuartzCore.framework/Versions/A/QuartzCore
0x00007fff30b94000 	/System/Library/Frameworks/Carbon.framework/Versions/A/Frameworks/SpeechRecognition.framework/Versions/A/SpeechRecognition
0x00007fff4b6b2000 	/System/Library/PrivateFrameworks/CoreUI.framework/Versions/A/CoreUI
0x00007fff31123000 	/System/Library/Frameworks/CoreAudio.framework/Versions/A/CoreAudio
0x00007fff33f52000 	/System/Library/Frameworks/DiskArbitration.framework/Versions/A/DiskArbitration
0x00007fff58d5e000 	/System/Library/PrivateFrameworks/MultitouchSupport.framework/Versions/A/MultitouchSupport
0x00007fff69a6a000 	/usr/lib/libenergytrace.dylib
0x00007fff349cc000 	/System/Library/Frameworks/IOKit.framework/Versions/A/IOKit
0x00007fff32fbe000 	/System/Library/Frameworks/CoreServices.framework/Versions/A/CoreServices
0x00007fff5af16000 	/System/Library/PrivateFrameworks/PerformanceAnalysis.framework/Versions/A/PerformanceAnalysis
0x00007fff3c758000 	/System/Library/Frameworks/OpenGL.framework/Versions/A/OpenGL
0x00007fff30d42000 	/System/Library/Frameworks/ColorSync.framework/Versions/A/ColorSync
0x00007fff326da000 	/System/Library/Frameworks/CoreImage.framework/Versions/A/CoreImage
0x00007fff33a31000 	/System/Library/Frameworks/CoreText.framework/Versions/A/CoreText
0x00007fff34b02000 	/System/Library/Frameworks/ImageIO.framework/Versions/A/ImageIO
0x00007fff68fbf000 	/usr/lib/libc++.1.dylib
0x00007fff6903b000 	/usr/lib/libcompression.dylib
0x00007fff68b47000 	/usr/lib/libMobileGestalt.dylib
0x00007fff62a59000 	/System/Library/PrivateFrameworks/TextureIO.framework/Versions/A/TextureIO
0x00007fff68e3e000 	/usr/lib/libate.dylib
0x00007fff56eeb000 	/System/Library/PrivateFrameworks/InternationalSupport.framework/Versions/A/InternationalSupport
0x00007fff6bad6000 	/usr/lib/system/libcache.dylib
0x00007fff6badc000 	/usr/lib/system/libcommonCrypto.dylib
0x00007fff6bae8000 	/usr/lib/system/libcompiler_rt.dylib
0x00007fff6baf0000 	/usr/lib/system/libcopyfile.dylib
0x00007fff6bafa000 	/usr/lib/system/libcorecrypto.dylib
0x00007fff6bc99000 	/usr/lib/system/libdispatch.dylib
0x00007fff6bcda000 	/usr/lib/system/libdyld.dylib
0x00007fff6bd11000 	/usr/lib/system/libkeymgr.dylib
0x00007fff6bd1f000 	/usr/lib/system/liblaunch.dylib
0x00007fff6bd20000 	/usr/lib/system/libmacho.dylib
0x00007fff6bd26000 	/usr/lib/system/libquarantine.dylib
0x00007fff6bd29000 	/usr/lib/system/libremovefile.dylib
0x00007fff6bd2b000 	/usr/lib/system/libsystem_asl.dylib
0x00007fff6bd43000 	/usr/lib/system/libsystem_blocks.dylib
0x00007fff6bd44000 	/usr/lib/system/libsystem_c.dylib
0x00007fff6bdcc000 	/usr/lib/system/libsystem_configuration.dylib
0x00007fff6bdd0000 	/usr/lib/system/libsystem_coreservices.dylib
0x00007fff6bdd4000 	/usr/lib/system/libsystem_darwin.dylib
0x00007fff6bddd000 	/usr/lib/system/libsystem_dnssd.dylib
0x00007fff6bde5000 	/usr/lib/system/libsystem_featureflags.dylib
0x00007fff6bde7000 	/usr/lib/system/libsystem_info.dylib
0x00007fff6be62000 	/usr/lib/system/libsystem_m.dylib
0x00007fff6beaa000 	/usr/lib/system/libsystem_malloc.dylib
0x00007fff6bed2000 	/usr/lib/system/libsystem_networkextension.dylib
0x00007fff6bee0000 	/usr/lib/system/libsystem_notify.dylib
0x00007fff6befe000 	/usr/lib/system/libsystem_sandbox.dylib
0x00007fff6bf03000 	/usr/lib/system/libsystem_secinit.dylib
0x00007fff6be35000 	/usr/lib/system/libsystem_kernel.dylib
0x00007fff6beea000 	/usr/lib/system/libsystem_platform.dylib
0x00007fff6bef3000 	/usr/lib/system/libsystem_pthread.dylib
0x00007fff6bf06000 	/usr/lib/system/libsystem_symptoms.dylib
0x00007fff6bf0e000 	/usr/lib/system/libsystem_trace.dylib
0x00007fff6bf26000 	/usr/lib/system/libunwind.dylib
0x00007fff6bf2c000 	/usr/lib/system/libxpc.dylib
0x00007fff69012000 	/usr/lib/libc++abi.dylib
0x00007fff69e16000 	/usr/lib/liblzma.5.dylib
0x00007fff69a91000 	/usr/lib/libfakelink.dylib
0x00007fff68dcb000 	/usr/lib/libarchive.2.dylib
0x00007fff3f5dc000 	/System/Library/Frameworks/SystemConfiguration.framework/Versions/A/SystemConfiguration
0x00007fff68736000 	/usr/lib/libCRFSuite.dylib
0x00007fff30445000 	/System/Library/Frameworks/CFNetwork.framework/Versions/A/CFNetwork
0x00007fff68fa1000 	/usr/lib/libbsm.0.dylib
0x00007fff6bd12000 	/usr/lib/system/libkxld.dylib
0x00007fff4551b000 	/System/Library/PrivateFrameworks/AppleFSCompression.framework/Versions/A/AppleFSCompression
0x00007fff6932c000 	/usr/lib/libcoretls.dylib
0x00007fff69343000 	/usr/lib/libcoretls_cfhelpers.dylib
0x00007fff6ab7f000 	/usr/lib/libpam.2.dylib
0x00007fff6acb4000 	/usr/lib/libsqlite3.dylib
0x00007fff6b0f3000 	/usr/lib/libxar.1.dylib
0x00007fff68fb2000 	/usr/lib/libbz2.1.0.dylib
0x00007fff69ab2000 	/usr/lib/libiconv.2.dylib
0x00007fff69028000 	/usr/lib/libcharset.1.dylib
0x00007fff6a61c000 	/usr/lib/libnetwork.dylib
0x00007fff6ab86000 	/usr/lib/libpcap.A.dylib
0x00007fff68d80000 	/usr/lib/libapple_nghttp2.dylib
0x00007fff33375000 	/System/Library/Frameworks/CoreServices.framework/Versions/A/Frameworks/FSEvents.framework/Versions/A/FSEvents
0x00007fff33045000 	/System/Library/Frameworks/CoreServices.framework/Versions/A/Frameworks/CarbonCore.framework/Versions/A/CarbonCore
0x00007fff335b9000 	/System/Library/Frameworks/CoreServices.framework/Versions/A/Frameworks/Metadata.framework/Versions/A/Metadata
0x00007fff33652000 	/System/Library/Frameworks/CoreServices.framework/Versions/A/Frameworks/OSServices.framework/Versions/A/OSServices
0x00007fff33680000 	/System/Library/Frameworks/CoreServices.framework/Versions/A/Frameworks/SearchKit.framework/Versions/A/SearchKit
0x00007fff32fbf000 	/System/Library/Frameworks/CoreServices.framework/Versions/A/Frameworks/AE.framework/Versions/A/AE
0x00007fff3337e000 	/System/Library/Frameworks/CoreServices.framework/Versions/A/Frameworks/LaunchServices.framework/Versions/A/LaunchServices
0x00007fff33327000 	/System/Library/Frameworks/CoreServices.framework/Versions/A/Frameworks/DictionaryServices.framework/Versions/A/DictionaryServices
0x00007fff336e8000 	/System/Library/Frameworks/CoreServices.framework/Versions/A/Frameworks/SharedFileList.framework/Versions/A/SharedFileList
0x00007fff38577000 	/System/Library/Frameworks/NetFS.framework/Versions/A/NetFS
0x00007fff5928e000 	/System/Library/PrivateFrameworks/NetAuth.framework/Versions/A/NetAuth
0x00007fff65c16000 	/System/Library/PrivateFrameworks/login.framework/Versions/A/Frameworks/loginsupport.framework/Versions/A/loginsupport
0x00007fff62524000 	/System/Library/PrivateFrameworks/TCC.framework/Versions/A/TCC
0x00007fff4a14c000 	/System/Library/PrivateFrameworks/CoreNLP.framework/Versions/A/CoreNLP
0x00007fff5875f000 	/System/Library/PrivateFrameworks/MetadataUtilities.framework/Versions/A/MetadataUtilities
0x00007fff69eee000 	/usr/lib/libmecabra.dylib
0x00007fff69e46000 	/usr/lib/libmecab.dylib
0x00007fff69aa2000 	/usr/lib/libgermantok.dylib
0x00007fff68d67000 	/usr/lib/libThaiTokenizer.dylib
0x00007fff6876d000 	/usr/lib/libChineseTokenizer.dylib
0x00007fff2d875000 	/System/Library/Frameworks/Accelerate.framework/Versions/A/Frameworks/vImage.framework/Versions/A/vImage
0x00007fff2ecdf000 	/System/Library/Frameworks/Accelerate.framework/Versions/A/Frameworks/vecLib.framework/Versions/A/vecLib
0x00007fff2ec1c000 	/System/Library/Frameworks/Accelerate.framework/Versions/A/Frameworks/vecLib.framework/Versions/A/libvMisc.dylib
0x00007fff2ea44000 	/System/Library/Frameworks/Accelerate.framework/Versions/A/Frameworks/vecLib.framework/Versions/A/libvDSP.dylib
0x00007fff2decc000 	/System/Library/Frameworks/Accelerate.framework/Versions/A/Frameworks/vecLib.framework/Versions/A/libBLAS.dylib
0x00007fff2e608000 	/System/Library/Frameworks/Accelerate.framework/Versions/A/Frameworks/vecLib.framework/Versions/A/libLAPACK.dylib
0x00007fff2e9a4000 	/System/Library/Frameworks/Accelerate.framework/Versions/A/Frameworks/vecLib.framework/Versions/A/libLinearAlgebra.dylib
0x00007fff2ea31000 	/System/Library/Frameworks/Accelerate.framework/Versions/A/Frameworks/vecLib.framework/Versions/A/libSparseBLAS.dylib
0x00007fff2e9ba000 	/System/Library/Frameworks/Accelerate.framework/Versions/A/Frameworks/vecLib.framework/Versions/A/libQuadrature.dylib
0x00007fff2e134000 	/System/Library/Frameworks/Accelerate.framework/Versions/A/Frameworks/vecLib.framework/Versions/A/libBNNS.dylib
0x00007fff2e9c0000 	/System/Library/Frameworks/Accelerate.framework/Versions/A/Frameworks/vecLib.framework/Versions/A/libSparse.dylib
0x00007fff572d3000 	/System/Library/PrivateFrameworks/LanguageModeling.framework/Versions/A/LanguageModeling
0x00007fff49afc000 	/System/Library/PrivateFrameworks/CoreEmoji.framework/Versions/A/CoreEmoji
0x00007fff573f1000 	/System/Library/PrivateFrameworks/LinguisticData.framework/Versions/A/LinguisticData
0x00007fff573a2000 	/System/Library/PrivateFrameworks/Lexicon.framework/Versions/A/Lexicon
0x00007fff69029000 	/usr/lib/libcmph.dylib
0x00007fff3b166000 	/System/Library/Frameworks/OpenDirectory.framework/Versions/A/Frameworks/CFOpenDirectory.framework/Versions/A/CFOpenDirectory
0x00007fff3b183000 	/System/Library/Frameworks/OpenDirectory.framework/Versions/A/OpenDirectory
0x00007fff435c6000 	/System/Library/PrivateFrameworks/APFS.framework/Versions/A/APFS
0x00007fff3e875000 	/System/Library/Frameworks/SecurityFoundation.framework/Versions/A/SecurityFoundation
0x00007fff6b0ef000 	/usr/lib/libutil.dylib
0x00007fff4b031000 	/System/Library/PrivateFrameworks/CoreServicesStore.framework/Versions/A/CoreServicesStore
0x00007fff3e92c000 	/System/Library/Frameworks/ServiceManagement.framework/Versions/A/ServiceManagement
0x00007fff46ceb000 	/System/Library/PrivateFrameworks/BackgroundTaskManagement.framework/Versions/A/BackgroundTaskManagement
0x00007fff6b1ec000 	/usr/lib/libxslt.1.dylib
0x00007fff45b8e000 	/System/Library/PrivateFrameworks/AppleSystemInfo.framework/Versions/A/AppleSystemInfo
0x00007fff34d1d000 	/System/Library/Frameworks/ImageIO.framework/Versions/A/Resources/libJPEG.dylib
0x00007fff34fdb000 	/System/Library/Frameworks/ImageIO.framework/Versions/A/Resources/libTIFF.dylib
0x00007fff34fbe000 	/System/Library/Frameworks/ImageIO.framework/Versions/A/Resources/libPng.dylib
0x00007fff34c5f000 	/System/Library/Frameworks/ImageIO.framework/Versions/A/Resources/libGIF.dylib
0x00007fff34c63000 	/System/Library/Frameworks/ImageIO.framework/Versions/A/Resources/libJP2.dylib
0x00007fff34fd9000 	/System/Library/Frameworks/ImageIO.framework/Versions/A/Resources/libRadiance.dylib
0x00007fff69a6b000 	/usr/lib/libexpat.1.dylib
0x00007fff45676000 	/System/Library/PrivateFrameworks/AppleJPEG.framework/Versions/A/AppleJPEG
0x00007fff4e347000 	/System/Library/PrivateFrameworks/FontServices.framework/libFontParser.dylib
0x00007fff64c18000 	/System/Library/PrivateFrameworks/WatchdogClient.framework/Versions/A/WatchdogClient
0x00007fff5692e000 	/System/Library/PrivateFrameworks/IOAccelerator.framework/Versions/A/IOAccelerator
0x00007fff374e8000 	/System/Library/Frameworks/MetalPerformanceShaders.framework/Versions/A/MetalPerformanceShaders
0x00007fff530c4000 	/System/Library/PrivateFrameworks/GPUWrangler.framework/Versions/A/GPUWrangler
0x00007fff56943000 	/System/Library/PrivateFrameworks/IOPresentment.framework/Versions/A/IOPresentment
0x00007fff4bbb1000 	/System/Library/PrivateFrameworks/DSExternalDisplay.framework/Versions/A/DSExternalDisplay
0x00007fff3baf7000 	/System/Library/Frameworks/OpenGL.framework/Versions/A/Libraries/libCoreFSCache.dylib
0x00007fff37234000 	/System/Library/Frameworks/MetalPerformanceShaders.framework/Frameworks/MPSCore.framework/Versions/A/MPSCore
0x00007fff37272000 	/System/Library/Frameworks/MetalPerformanceShaders.framework/Frameworks/MPSImage.framework/Versions/A/MPSImage
0x00007fff37339000 	/System/Library/Frameworks/MetalPerformanceShaders.framework/Frameworks/MPSNeuralNetwork.framework/Versions/A/MPSNeuralNetwork
0x00007fff372fd000 	/System/Library/Frameworks/MetalPerformanceShaders.framework/Frameworks/MPSMatrix.framework/Versions/A/MPSMatrix
0x00007fff37498000 	/System/Library/Frameworks/MetalPerformanceShaders.framework/Frameworks/MPSRayIntersector.framework/Versions/A/MPSRayIntersector
0x00007fff37323000 	/System/Library/Frameworks/MetalPerformanceShaders.framework/Frameworks/MPSNDArray.framework/Versions/A/MPSNDArray
0x00007fff587ac000 	/System/Library/PrivateFrameworks/MetalTools.framework/Versions/A/MetalTools
0x00007fff447a0000 	/System/Library/PrivateFrameworks/AggregateDictionary.framework/Versions/A/AggregateDictionary
0x00007fff49544000 	/System/Library/PrivateFrameworks/CoreAnalytics.framework/Versions/A/CoreAnalytics
0x00007fff45aad000 	/System/Library/PrivateFrameworks/AppleSauce.framework/Versions/A/AppleSauce
0x00007fff68a29000 	/usr/lib/libIOReport.dylib
0x00007fff33be9000 	/System/Library/Frameworks/CoreVideo.framework/Versions/A/CoreVideo
0x00007fff5453d000 	/System/Library/PrivateFrameworks/GraphVisualizer.framework/Versions/A/GraphVisualizer
0x00007fff4d88d000 	/System/Library/PrivateFrameworks/FaceCore.framework/Versions/A/FaceCore
0x00007fff3b10d000 	/System/Library/Frameworks/OpenCL.framework/Versions/A/OpenCL
0x00007fff6884b000 	/usr/lib/libFosl_dynamic.dylib
0x00007fff59cae000 	/System/Library/PrivateFrameworks/OTSVG.framework/Versions/A/OTSVG
0x00007fff2fd9e000 	/System/Library/Frameworks/ApplicationServices.framework/Versions/A/Frameworks/ATS.framework/Versions/A/Resources/libFontRegistry.dylib
0x00007fff4e518000 	/System/Library/PrivateFrameworks/FontServices.framework/libhvf.dylib
0x00007fff3bb02000 	/System/Library/Frameworks/OpenGL.framework/Versions/A/Libraries/libGFXShared.dylib
0x00007fff3bce0000 	/System/Library/Frameworks/OpenGL.framework/Versions/A/Libraries/libGLU.dylib
0x00007fff3bb0b000 	/System/Library/Frameworks/OpenGL.framework/Versions/A/Libraries/libGL.dylib
0x00007fff3bb16000 	/System/Library/Frameworks/OpenGL.framework/Versions/A/Libraries/libGLImage.dylib
0x00007fff3baf4000 	/System/Library/Frameworks/OpenGL.framework/Versions/A/Libraries/libCVMSPluginSupport.dylib
0x00007fff3bafd000 	/System/Library/Frameworks/OpenGL.framework/Versions/A/Libraries/libCoreVMClient.dylib
0x00007fff6a4bd000 	/usr/lib/libncurses.5.4.dylib
0x00007fff2fc9a000 	/System/Library/Frameworks/ApplicationServices.framework/Versions/A/Frameworks/ATS.framework/Versions/A/ATS
0x00007fff2fe67000 	/System/Library/Frameworks/ApplicationServices.framework/Versions/A/Frameworks/ColorSyncLegacy.framework/Versions/A/ColorSyncLegacy
0x00007fff2ff05000 	/System/Library/Frameworks/ApplicationServices.framework/Versions/A/Frameworks/HIServices.framework/Versions/A/HIServices
0x00007fff2ff5d000 	/System/Library/Frameworks/ApplicationServices.framework/Versions/A/Frameworks/LangAnalysis.framework/Versions/A/LangAnalysis
0x00007fff2ff6c000 	/System/Library/Frameworks/ApplicationServices.framework/Versions/A/Frameworks/PrintCore.framework/Versions/A/PrintCore
0x00007fff2ffb2000 	/System/Library/Frameworks/ApplicationServices.framework/Versions/A/Frameworks/QD.framework/Versions/A/QD
0x00007fff2ffbd000 	/System/Library/Frameworks/ApplicationServices.framework/Versions/A/Frameworks/SpeechSynthesis.framework/Versions/A/SpeechSynthesis
0x00007fff2fe37000 	/System/Library/Frameworks/ApplicationServices.framework/Versions/A/Frameworks/ATSUI.framework/Versions/A/ATSUI
0x00007fff69901000 	/usr/lib/libcups.2.dylib
0x00007fff36583000 	/System/Library/Frameworks/Kerberos.framework/Versions/A/Kerberos
0x00007fff346c5000 	/System/Library/Frameworks/GSS.framework/Versions/A/GSS
0x00007fff6ac40000 	/usr/lib/libresolv.9.dylib
0x00007fff546ea000 	/System/Library/PrivateFrameworks/Heimdal.framework/Versions/A/Heimdal
0x00007fff36596000 	/System/Library/Frameworks/Kerberos.framework/Versions/A/Libraries/libHeimdalProxy.dylib
0x00007fff69aa8000 	/usr/lib/libheimdal-asn1.dylib
0x00007fff489dc000 	/System/Library/PrivateFrameworks/CommonAuth.framework/Versions/A/CommonAuth
0x00007fff45c2b000 	/System/Library/PrivateFrameworks/AssertionServices.framework/Versions/A/AssertionServices
0x00007fff467ce000 	/System/Library/PrivateFrameworks/AudioToolboxCore.framework/Versions/A/AudioToolboxCore
0x00007fff658c6000 	/System/Library/PrivateFrameworks/caulk.framework/Versions/A/caulk
0x00007fff46d97000 	/System/Library/PrivateFrameworks/BaseBoard.framework/Versions/A/BaseBoard
0x00007fff5df11000 	/System/Library/PrivateFrameworks/RunningBoardServices.framework/Versions/A/RunningBoardServices
0x00007fff5af22000 	/System/Library/PrivateFrameworks/PersistentConnection.framework/Versions/A/PersistentConnection
0x00007fff5d90a000 	/System/Library/PrivateFrameworks/ProtocolBuffer.framework/Versions/A/ProtocolBuffer
0x00007fff48a00000 	/System/Library/PrivateFrameworks/CommonUtilities.framework/Versions/A/CommonUtilities
0x00007fff46f25000 	/System/Library/PrivateFrameworks/Bom.framework/Versions/A/Bom
0x00007fff686fc000 	/usr/lib/libAudioToolboxUtility.dylib
0x00007fff46cf5000 	/System/Library/PrivateFrameworks/Backup.framework/Versions/A/Backup
0x00007fff4bad2000 	/System/Library/PrivateFrameworks/CrashReporterSupport.framework/Versions/A/CrashReporterSupport
0x00007fff5f9a3000 	/System/Library/PrivateFrameworks/Sharing.framework/Versions/A/Sharing
0x00007fff45239000 	/System/Library/PrivateFrameworks/Apple80211.framework/Versions/A/Apple80211
0x00007fff46a12000 	/System/Library/PrivateFrameworks/AuthKit.framework/Versions/A/AuthKit
0x00007fff4b7df000 	/System/Library/PrivateFrameworks/CoreUtils.framework/Versions/A/CoreUtils
0x00007fff33c2e000 	/System/Library/Frameworks/CoreWLAN.framework/Versions/A/CoreWLAN
0x00007fff34852000 	/System/Library/Frameworks/IOBluetooth.framework/Versions/A/IOBluetooth
0x00007fff58add000 	/System/Library/PrivateFrameworks/MobileKeyBag.framework/Versions/A/MobileKeyBag
0x00007fff4a5e4000 	/System/Library/PrivateFrameworks/CorePhoneNumbers.framework/Versions/A/CorePhoneNumbers
0x00007fff45629000 	/System/Library/PrivateFrameworks/AppleIDAuthSupport.framework/Versions/A/AppleIDAuthSupport
0x00007fff38584000 	/System/Library/Frameworks/Network.framework/Versions/A/Network
0x00007fff5717f000 	/System/Library/PrivateFrameworks/KeychainCircle.framework/Versions/A/KeychainCircle
0x00007fff3167f000 	/System/Library/Frameworks/CoreBluetooth.framework/Versions/A/CoreBluetooth
0x00007fff61a22000 	/System/Library/PrivateFrameworks/SpeechRecognitionCore.framework/Versions/A/SpeechRecognitionCore
0x0000000102e00000 	/Library/Java/JavaVirtualMachines/jdk1.8.0_221.jdk/Contents/Home/jre/lib/server/libjvm.dylib
0x00007fff6afc2000 	/usr/lib/libstdc++.6.dylib
0x0000000102568000 	/Library/Java/JavaVirtualMachines/jdk1.8.0_221.jdk/Contents/Home/jre/lib/libverify.dylib
0x0000000102576000 	/Library/Java/JavaVirtualMachines/jdk1.8.0_221.jdk/Contents/Home/jre/lib/libjava.dylib
0x00000001025ad000 	/Library/Java/JavaVirtualMachines/jdk1.8.0_221.jdk/Contents/Home/jre/lib/libjdwp.dylib
0x00000001025f8000 	/Library/Java/JavaVirtualMachines/jdk1.8.0_221.jdk/Contents/Home/jre/lib/libnpt.dylib
0x0000000103db9000 	/Library/Java/JavaVirtualMachines/jdk1.8.0_221.jdk/Contents/Home/jre/lib/libinstrument.dylib
0x0000000103e24000 	/Library/Java/JavaVirtualMachines/jdk1.8.0_221.jdk/Contents/Home/jre/lib/libzip.dylib
0x000000010b203000 	/Library/Java/JavaVirtualMachines/jdk1.8.0_221.jdk/Contents/Home/jre/lib/libdt_socket.dylib

VM Arguments:
jvm_args: -agentlib:jdwp=transport=dt_socket,suspend=y,address=localhost:64671 -javaagent:/Users/rachelbittar/eclipse/jee-2019-09/Eclipse.app/Contents/Eclipse/configuration/org.eclipse.osgi/404/0/.cp/lib/javaagent-shaded.jar -Dfile.encoding=UTF-8 
java_command: recursion.PascalsTriangle
java_class_path (initial): /Users/rachelbittar/eclipse-workspace/Data-Structure-exerciese/bin:/Users/rachelbittar/.p2/pool/plugins/org.junit_4.12.0.v201504281640/junit.jar:/Users/rachelbittar/.p2/pool/plugins/org.hamcrest.core_1.3.0.v20180420-1519.jar:/Users/rachelbittar/eclipse/jee-2019-09/Eclipse.app/Contents/Eclipse/configuration/org.eclipse.osgi/404/0/.cp/lib/javaagent-shaded.jar
Launcher Type: SUN_STANDARD

Environment Variables:
PATH=/usr/bin:/bin:/usr/sbin:/sbin
SHELL=/bin/bash

Signal Handlers:
SIGSEGV: [libjvm.dylib+0x5b71a7], sa_mask[0]=11111111011111110111111111111111, sa_flags=SA_ONSTACK|SA_RESTART|SA_SIGINFO
SIGBUS: [libjvm.dylib+0x5b71a7], sa_mask[0]=11111111011111110111111111111111, sa_flags=SA_RESTART|SA_SIGINFO
SIGFPE: [libjvm.dylib+0x48c8fc], sa_mask[0]=11111111011111110111111111111111, sa_flags=SA_RESTART|SA_SIGINFO
SIGPIPE: [libjvm.dylib+0x48c8fc], sa_mask[0]=11111111011111110111111111111111, sa_flags=SA_RESTART|SA_SIGINFO
SIGXFSZ: [libjvm.dylib+0x48c8fc], sa_mask[0]=11111111011111110111111111111111, sa_flags=SA_RESTART|SA_SIGINFO
SIGILL: [libjvm.dylib+0x48c8fc], sa_mask[0]=11111111011111110111111111111111, sa_flags=SA_RESTART|SA_SIGINFO
SIGUSR1: SIG_DFL, sa_mask[0]=00000000000000000000000000000000, sa_flags=none
SIGUSR2: [libjvm.dylib+0x48c41a], sa_mask[0]=00100000000000000000000000000000, sa_flags=SA_RESTART|SA_SIGINFO
SIGHUP: [libjvm.dylib+0x48a9a5], sa_mask[0]=11111111011111110111111111111111, sa_flags=SA_RESTART|SA_SIGINFO
SIGINT: [libjvm.dylib+0x48a9a5], sa_mask[0]=11111111011111110111111111111111, sa_flags=SA_RESTART|SA_SIGINFO
SIGTERM: [libjvm.dylib+0x48a9a5], sa_mask[0]=11111111011111110111111111111111, sa_flags=SA_RESTART|SA_SIGINFO
SIGQUIT: [libjvm.dylib+0x48a9a5], sa_mask[0]=11111111011111110111111111111111, sa_flags=SA_RESTART|SA_SIGINFO


---------------  S Y S T E M  ---------------

OS:Bsduname:Darwin 19.6.0 Darwin Kernel Version 19.6.0: Thu Jun 18 20:49:00 PDT 2020; root:xnu-6153.141.1~1/RELEASE_X86_64 x86_64
rlimit: STACK 8192k, CORE 0k, NPROC 1392, NOFILE 10240, AS infinity
load average:1.70 1.75 2.09

CPU:total 4 (initial active 4) (2 cores per cpu, 2 threads per core) family 6 model 61 stepping 4, cmov, cx8, fxsr, mmx, sse, sse2, sse3, ssse3, sse4.1, sse4.2, popcnt, avx, avx2, aes, clmul, erms, 3dnowpref, lzcnt, ht, tsc, tscinvbit, bmi1, bmi2, adx

Memory: 4k page, physical 8388608k(32072k free)

/proc/meminfo:


vm_info: Java HotSpot(TM) 64-Bit Server VM (25.221-b11) for bsd-amd64 JRE (1.8.0_221-b11), built on Jul  4 2019 04:36:22 by "java_re" with gcc 4.2.1 (Based on Apple Inc. build 5658) (LLVM build 2336.11.00)

time: Tue Aug  3 12:03:10 2021
timezone: EDT
elapsed time: 41 seconds (0d 0h 0m 41s)

