#
# A fatal error has been detected by the Java Runtime Environment:
#
#  SIGSEGV (0xb) at pc=0x000000010624ec3c, pid=83137, tid=0x0000000000003707
#
# JRE version: Java(TM) SE Runtime Environment (8.0_221-b11) (build 1.8.0_221-b11)
# Java VM: Java HotSpot(TM) 64-Bit Server VM (25.221-b11 mixed mode bsd-amd64 compressed oops)
# Problematic frame:
# V  [libjvm.dylib+0x24ec3c]  frame::sender(RegisterMap*) const+0x78
#
# Failed to write core dump. Core dumps have been disabled. To enable core dumping, try "ulimit -c unlimited" before starting Java again
#
# If you would like to submit a bug report, please visit:
#   http://bugreport.java.com/bugreport/crash.jsp
#

---------------  T H R E A D  ---------------

Current thread (0x00007fe82100b000):  JavaThread "JDWP Transport Listener: dt_socket" daemon [_thread_in_vm, id=14087, stack(0x00007000041ce000,0x00007000042ce000)]

siginfo: si_signo: 11 (SIGSEGV), si_code: 0 (unknown), si_addr: 0x0000000000000000

Registers:
RAX=0x4855c35de5894855, RBX=0x00007000042ccd90, RCX=0x4855c35dc031e589, RDX=0x0000000114e36620
RSP=0x00007000042ccd00, RBP=0x00007000042ccd20, RSI=0x00007fe82170a018, RDI=0x00007fe82170a018
R8 =0x00007fe82170a0a8, R9 =0x00007000042cce20, R10=0x00007000037d8b30, R11=0xfffff017e2bc2d78
R12=0x00007000042ccd90, R13=0x00007fe82100b000, R14=0x00007000042ccdc0, R15=0x00007fe82170a018
RIP=0x000000010624ec3c, EFLAGS=0x0000000000010246, ERR=0x0000000000000000
  TRAPNO=0x000000000000000d

Top of Stack: (sp=0x00007000042ccd00)
0x00007000042ccd00:   00007000042ccdc0 00007fe8205048f0
0x00007000042ccd10:   00007000042ccd90 00007000042cd3b0
0x00007000042ccd20:   00007000042ccd80 000000010624d640
0x00007000042ccd30:   00007000042ccd70 000000010624e9c4
0x00007000042ccd40:   0000000000007fe8 00007000042cce10
0x00007000042ccd50:   00007000042cce10 00007fe821709a10
0x00007000042ccd60:   00007fe8205048f0 00007fe82170a010
0x00007000042ccd70:   00000000000011d9 00007000042cd3b0
0x00007000042ccd80:   00007000042cd380 00000001065aefa2
0x00007000042ccd90:   00000001061c27d6 4855c35dc031e589
0x00007000042ccda0:   0000000000000000 0000000100000000
0x00007000042ccdb0:   4855c35de5894855 00000001061c27d6
0x00007000042ccdc0:   0000000000000000 0000000000000000
0x00007000042ccdd0:   0000000000000000 0000000000000000
0x00007000042ccde0:   0000000000000000 0000000000000000
0x00007000042ccdf0:   0000000000000000 0000000000000000
0x00007000042cce00:   0000000000000000 0000000000000000
0x00007000042cce10:   00007000037d8b30 00007000037d8b30
0x00007000042cce20:   0000000000000000 0000000000000000
0x00007000042cce30:   0000000000000000 0000000000000000
0x00007000042cce40:   0000000000000000 0000000000000000
0x00007000042cce50:   0000000000000000 0000000000000000
0x00007000042cce60:   0000000000000000 0000000000000000
0x00007000042cce70:   0000000000000000 0000000000000000
0x00007000042cce80:   0000000000000000 0000000000000000
0x00007000042cce90:   0000000000000000 0000000000000000
0x00007000042ccea0:   0000000000000000 0000000000000000
0x00007000042cceb0:   0000000000000000 0000000000000000
0x00007000042ccec0:   0000000000000000 0000000000000000
0x00007000042cced0:   0000000000000000 0000000000000000
0x00007000042ccee0:   0000000000000000 0000000000000000
0x00007000042ccef0:   0000000000000000 0000000000000000 

Instructions: (pc=0x000000010624ec3c)
0x000000010624ec1c:   fd ff ff eb 77 49 83 7f 10 00 74 10 4c 89 e7 4c
0x000000010624ec2c:   89 fe 4c 89 f2 e8 06 fe ff ff eb 60 49 8b 47 20
0x000000010624ec3c:   48 8b 08 48 8b 78 08 48 83 c0 10 49 89 04 24 49
0x000000010624ec4c:   89 44 24 28 49 89 4c 24 20 49 89 7c 24 08 e8 83 

Register to memory mapping:

RAX=0x4855c35de5894855 is an unknown value
RBX=0x00007000042ccd90 is pointing into the stack for thread: 0x00007fe82100b000
RCX=0x4855c35dc031e589 is an unknown value
RDX=0x0000000114e36620 is an unknown value
RSP=0x00007000042ccd00 is pointing into the stack for thread: 0x00007fe82100b000
RBP=0x00007000042ccd20 is pointing into the stack for thread: 0x00007fe82100b000
RSI=0x00007fe82170a018 is an unknown value
RDI=0x00007fe82170a018 is an unknown value
R8 =0x00007fe82170a0a8 is an unknown value
R9 =0x00007000042cce20 is pointing into the stack for thread: 0x00007fe82100b000
R10=0x00007000037d8b30 is pointing into the stack for thread: 0x00007fe82180a000
R11=0xfffff017e2bc2d78 is an unknown value
R12=0x00007000042ccd90 is pointing into the stack for thread: 0x00007fe82100b000
R13=0x00007fe82100b000 is a thread
R14=0x00007000042ccdc0 is pointing into the stack for thread: 0x00007fe82100b000
R15=0x00007fe82170a018 is an unknown value


Stack: [0x00007000041ce000,0x00007000042ce000],  sp=0x00007000042ccd00,  free space=1019k
Native frames: (J=compiled Java code, j=interpreted, Vv=VM code, C=native code)
V  [libjvm.dylib+0x24ec3c]  frame::sender(RegisterMap*) const+0x78
V  [libjvm.dylib+0x24d640]  frame::real_sender(RegisterMap*) const+0x1e
V  [libjvm.dylib+0x5aefa2]  vframe::sender() const+0x58
V  [libjvm.dylib+0x5aea49]  vframe::java_sender() const+0x2d
V  [libjvm.dylib+0x38f452]  JvmtiEnvBase::vframeFor(JavaThread*, int)+0x5c
V  [libjvm.dylib+0x38f7cb]  JvmtiEnvBase::get_frame_location(JavaThread*, int, _jmethodID**, long*)+0x6f
V  [libjvm.dylib+0x38b1e2]  JvmtiEnv::GetFrameLocation(JavaThread*, int, _jmethodID**, long*)+0x50
V  [libjvm.dylib+0x360ce7]  jvmti_GetFrameLocation+0x156
C  [libjdwp.dylib+0x8666]  frames+0x1f5
C  [libjdwp.dylib+0xe50c]  debugLoop_run+0x1c2
C  [libjdwp.dylib+0x1f5de]  attachThread+0x4d
V  [libjvm.dylib+0x39d9d0]  JvmtiAgentThread::call_start_function()+0x38
V  [libjvm.dylib+0x570b93]  JavaThread::thread_main_inner()+0x9b
V  [libjvm.dylib+0x57228e]  JavaThread::run()+0x1c2
V  [libjvm.dylib+0x48f30a]  java_start(Thread*)+0xf6
C  [libsystem_pthread.dylib+0x6109]  _pthread_start+0x94
C  [libsystem_pthread.dylib+0x1b8b]  thread_start+0xf
C  0x0000000000000000


---------------  P R O C E S S  ---------------

Java Threads: ( => current thread )
  0x00007fe820852000 JavaThread "SIGTERM handler" daemon [_thread_blocked, id=18439, stack(0x0000700003fc5000,0x00007000040c5000)]
  0x00007fe82282d800 JavaThread "Service Thread" daemon [_thread_blocked, id=16899, stack(0x00007000047e0000,0x00007000048e0000)]
  0x00007fe821831000 JavaThread "C1 CompilerThread2" daemon [_thread_blocked, id=17411, stack(0x00007000046dd000,0x00007000047dd000)]
  0x00007fe820853000 JavaThread "C2 CompilerThread1" daemon [_thread_blocked, id=17667, stack(0x00007000045da000,0x00007000046da000)]
  0x00007fe821033800 JavaThread "C2 CompilerThread0" daemon [_thread_blocked, id=18179, stack(0x00007000044d7000,0x00007000045d7000)]
  0x00007fe82101b000 JavaThread "JDWP Event Helper Thread" daemon [_thread_blocked, id=18691, stack(0x00007000042d1000,0x00007000043d1000)]
=>0x00007fe82100b000 JavaThread "JDWP Transport Listener: dt_socket" daemon [_thread_in_vm, id=14087, stack(0x00007000041ce000,0x00007000042ce000)]
  0x00007fe82084f800 JavaThread "Signal Dispatcher" daemon [_thread_blocked, id=13571, stack(0x00007000040cb000,0x00007000041cb000)]
  0x00007fe820820000 JavaThread "Finalizer" daemon [_thread_blocked, id=21251, stack(0x0000700003e3f000,0x0000700003f3f000)]
  0x00007fe820818000 JavaThread "Reference Handler" daemon [_thread_blocked, id=21507, stack(0x0000700003d3c000,0x0000700003e3c000)]
  0x00007fe82180a000 JavaThread "main" [_thread_blocked, id=3331, stack(0x000070000372a000,0x000070000382a000)]

Other Threads:
  0x00007fe82182e800 VMThread [stack: 0x0000700003c39000,0x0000700003d39000] [id=11267]

VM state:synchronizing (normal execution)

VM Mutex/Monitor currently owned by a thread:  ([mutex/lock_event])
[0x00007fe8204108a0] Threads_lock - owner thread: 0x00007fe82182e800
[0x00007fe8204112a0] Compile_lock - owner thread: 0x00007fe82180a000

OutOfMemory and StackOverflow Exception counts:
StackOverflowErrors=1

heap address: 0x0000000740000000, size: 2048 MB, Compressed Oops mode: Zero based, Oop shift amount: 3
Narrow klass base: 0x0000000000000000, Narrow klass shift: 3
Compressed class space size: 1073741824 Address: 0x00000007c0000000

Heap:
 PSYoungGen      total 38400K, used 7388K [0x0000000795580000, 0x0000000798000000, 0x00000007c0000000)
  eden space 33280K, 22% used [0x0000000795580000,0x0000000795cb7288,0x0000000797600000)
  from space 5120K, 0% used [0x0000000797b00000,0x0000000797b00000,0x0000000798000000)
  to   space 5120K, 0% used [0x0000000797600000,0x0000000797600000,0x0000000797b00000)
 ParOldGen       total 87552K, used 0K [0x0000000740000000, 0x0000000745580000, 0x0000000795580000)
  object space 87552K, 0% used [0x0000000740000000,0x0000000740000000,0x0000000745580000)
 Metaspace       used 4901K, capacity 5010K, committed 5248K, reserved 1056768K
  class space    used 514K, capacity 561K, committed 640K, reserved 1048576K

Card table byte_map: [0x0000000107379000,0x000000010777a000] byte_map_base: 0x0000000103979000

Marking Bits: (ParMarkBitMap*) 0x00000001068fbe40
 Begin Bits: [0x0000000107a25000, 0x0000000109a25000)
 End Bits:   [0x0000000109a25000, 0x000000010ba25000)

Polling page: 0x0000000105724000

CodeCache: size=245760Kb used=1322Kb max_used=1329Kb free=244437Kb
 bounds [0x0000000114df1000, 0x0000000115061000, 0x0000000123df1000]
 total_blobs=397 nmethods=113 adapters=206
 compilation: enabled

Compilation events (10 events):
Event: 0.985 Thread 0x00007fe821831000 nmethod 108 0x0000000114f39610 code [0x0000000114f397c0, 0x0000000114f39e48]
Event: 0.988 Thread 0x00007fe820853000 nmethod 105 0x0000000114f3d550 code [0x0000000114f3d6c0, 0x0000000114f3d9d8]
Event: 0.988 Thread 0x00007fe821831000  110       3       org.eclipse.jdt.launching.internal.org.objectweb.asm.ByteVector::putShort (52 bytes)
Event: 0.988 Thread 0x00007fe821831000 nmethod 110 0x0000000114f3d010 code [0x0000000114f3d180, 0x0000000114f3d3e8]
Event: 0.988 Thread 0x00007fe821831000  111       3       java.nio.Buffer::checkIndex (22 bytes)
Event: 0.989 Thread 0x00007fe821831000 nmethod 111 0x0000000114f3cad0 code [0x0000000114f3cc60, 0x0000000114f3cf08]
Event: 973.385 Thread 0x00007fe821831000  112       3       org.eclipse.jdt.launching.internal.org.objectweb.asm.ByteVector::putByte (39 bytes)
Event: 973.386 Thread 0x00007fe821831000 nmethod 112 0x0000000114f3c5d0 code [0x0000000114f3c740, 0x0000000114f3c988]
Event: 973.386 Thread 0x00007fe821831000  113       3       org.eclipse.jdt.launching.internal.org.objectweb.asm.SymbolTable::get (13 bytes)
Event: 973.386 Thread 0x00007fe821831000 nmethod 113 0x0000000114f3c1d0 code [0x0000000114f3c340, 0x0000000114f3c4f0]

GC Heap History (0 events):
No events

Deoptimization events (0 events):
No events

Classes redefined (1 events):
Event: 973.389 Thread 0x00007fe82182e800 redefined class name=BasicAlgorithms.Recursive_binary_search, count=1

Internal exceptions (3 events):
Event: 0.069 Thread 0x00007fe82180a000 Exception <a 'java/lang/NoSuchMethodError': Method sun.misc.Unsafe.defineClass(Ljava/lang/String;[BII)Ljava/lang/Class; name or signature does not match> (0x0000000795587cb8) thrown at [/Users/java_re/workspace/8-2-build-macosx-x86_64/jdk8u221/13320/hotsp
Event: 0.069 Thread 0x00007fe82180a000 Exception <a 'java/lang/NoSuchMethodError': Method sun.misc.Unsafe.prefetchRead(Ljava/lang/Object;J)V name or signature does not match> (0x0000000795587fa0) thrown at [/Users/java_re/workspace/8-2-build-macosx-x86_64/jdk8u221/13320/hotspot/src/share/vm/pr
Event: 1041.183 Thread 0x00007fe82180a000 Exception <a 'java/lang/StackOverflowError'> (0x0000000795b639c0) thrown at [/Users/java_re/workspace/8-2-build-macosx-x86_64/jdk8u221/13320/hotspot/src/share/vm/interpreter/interpreterRuntime.cpp, line 325]

Events (10 events):
Event: 1041.177 Executing VM operation: EnterInterpOnlyMode
Event: 1041.177 Executing VM operation: EnterInterpOnlyMode done
Event: 1056.547 Thread 0x00007fe820852000 Thread exited: 0x00007fe820852000
Event: 1059.575 loading class sun/misc/Signal$1
Event: 1059.575 loading class sun/misc/Signal$1 done
Event: 1059.576 Thread 0x00007fe820852000 Thread added: 0x00007fe820852000
Event: 1059.576 loading class java/lang/Shutdown
Event: 1059.577 loading class java/lang/Shutdown done
Event: 1059.577 loading class java/lang/Shutdown$Lock
Event: 1059.577 loading class java/lang/Shutdown$Lock done


Dynamic libraries:
0x00007fff2f1c5000 	/System/Library/Frameworks/Cocoa.framework/Versions/A/Cocoa
0x00007fff3c9bc000 	/System/Library/Frameworks/Security.framework/Versions/A/Security
0x00007fff2e12a000 	/System/Library/Frameworks/ApplicationServices.framework/Versions/A/ApplicationServices
0x00007fff69678000 	/usr/lib/libz.1.dylib
0x00007fff6713c000 	/usr/lib/libSystem.B.dylib
0x00007fff68f9c000 	/usr/lib/libobjc.A.dylib
0x00007fff30067000 	/System/Library/Frameworks/CoreFoundation.framework/Versions/A/CoreFoundation
0x00007fff32724000 	/System/Library/Frameworks/Foundation.framework/Versions/C/Foundation
0x00007fff2d31a000 	/System/Library/Frameworks/AppKit.framework/Versions/C/AppKit
0x00007fff2fb49000 	/System/Library/Frameworks/CoreData.framework/Versions/A/CoreData
0x00007fff61152000 	/System/Library/PrivateFrameworks/UIFoundation.framework/Versions/A/UIFoundation
0x00007fff5c1e6000 	/System/Library/PrivateFrameworks/RemoteViewServices.framework/Versions/A/RemoteViewServices
0x00007fff63cac000 	/System/Library/PrivateFrameworks/XCTTargetBootstrap.framework/Versions/A/XCTTargetBootstrap
0x00007fff2ff34000 	/System/Library/Frameworks/CoreDisplay.framework/Versions/A/CoreDisplay
0x00007fff355de000 	/System/Library/Frameworks/Metal.framework/Versions/A/Metal
0x00007fff4a1d3000 	/System/Library/PrivateFrameworks/DesktopServicesPriv.framework/Versions/A/DesktopServicesPriv
0x00007fff68277000 	/usr/lib/liblangid.dylib
0x00007fff49468000 	/System/Library/PrivateFrameworks/CoreSVG.framework/Versions/A/CoreSVG
0x00007fff5f342000 	/System/Library/PrivateFrameworks/SkyLight.framework/Versions/A/SkyLight
0x00007fff304e8000 	/System/Library/Frameworks/CoreGraphics.framework/Versions/A/CoreGraphics
0x00007fff2bcee000 	/System/Library/Frameworks/Accelerate.framework/Versions/A/Accelerate
0x00007fff69569000 	/usr/lib/libxml2.2.dylib
0x00007fff55171000 	/System/Library/PrivateFrameworks/IconServices.framework/Versions/A/IconServices
0x00007fff32f03000 	/System/Library/Frameworks/IOSurface.framework/Versions/A/IOSurface
0x00007fff66c66000 	/usr/lib/libDiagnosticMessagesClient.dylib
0x00007fff4a02d000 	/System/Library/PrivateFrameworks/DFRFoundation.framework/Versions/A/DFRFoundation
0x00007fff68006000 	/usr/lib/libicucore.A.dylib
0x00007fff2e45c000 	/System/Library/Frameworks/AudioToolbox.framework/Versions/A/AudioToolbox
0x00007fff2e53f000 	/System/Library/Frameworks/AudioUnit.framework/Versions/A/AudioUnit
0x00007fff6733e000 	/usr/lib/libauto.dylib
0x00007fff4a0cf000 	/System/Library/PrivateFrameworks/DataDetectorsCore.framework/Versions/A/DataDetectorsCore
0x00007fff2ece6000 	/System/Library/Frameworks/Carbon.framework/Versions/A/Frameworks/HIToolbox.framework/Versions/A/HIToolbox
0x00007fff3bbb6000 	/System/Library/Frameworks/QuartzCore.framework/Versions/A/QuartzCore
0x00007fff2f025000 	/System/Library/Frameworks/Carbon.framework/Versions/A/Frameworks/SpeechRecognition.framework/Versions/A/SpeechRecognition
0x00007fff49b41000 	/System/Library/PrivateFrameworks/CoreUI.framework/Versions/A/CoreUI
0x00007fff2f5b4000 	/System/Library/Frameworks/CoreAudio.framework/Versions/A/CoreAudio
0x00007fff323e3000 	/System/Library/Frameworks/DiskArbitration.framework/Versions/A/DiskArbitration
0x00007fff571c1000 	/System/Library/PrivateFrameworks/MultitouchSupport.framework/Versions/A/MultitouchSupport
0x00007fff67ecd000 	/usr/lib/libenergytrace.dylib
0x00007fff32e5d000 	/System/Library/Frameworks/IOKit.framework/Versions/A/IOKit
0x00007fff3144f000 	/System/Library/Frameworks/CoreServices.framework/Versions/A/CoreServices
0x00007fff59379000 	/System/Library/PrivateFrameworks/PerformanceAnalysis.framework/Versions/A/PerformanceAnalysis
0x00007fff3abe9000 	/System/Library/Frameworks/OpenGL.framework/Versions/A/OpenGL
0x00007fff2f1d3000 	/System/Library/Frameworks/ColorSync.framework/Versions/A/ColorSync
0x00007fff30b6b000 	/System/Library/Frameworks/CoreImage.framework/Versions/A/CoreImage
0x00007fff31ec2000 	/System/Library/Frameworks/CoreText.framework/Versions/A/CoreText
0x00007fff32f93000 	/System/Library/Frameworks/ImageIO.framework/Versions/A/ImageIO
0x00007fff67422000 	/usr/lib/libc++.1.dylib
0x00007fff6749e000 	/usr/lib/libcompression.dylib
0x00007fff66faa000 	/usr/lib/libMobileGestalt.dylib
0x00007fff60ebc000 	/System/Library/PrivateFrameworks/TextureIO.framework/Versions/A/TextureIO
0x00007fff672a1000 	/usr/lib/libate.dylib
0x00007fff5537a000 	/System/Library/PrivateFrameworks/InternationalSupport.framework/Versions/A/InternationalSupport
0x00007fff69f39000 	/usr/lib/system/libcache.dylib
0x00007fff69f3f000 	/usr/lib/system/libcommonCrypto.dylib
0x00007fff69f4b000 	/usr/lib/system/libcompiler_rt.dylib
0x00007fff69f53000 	/usr/lib/system/libcopyfile.dylib
0x00007fff69f5d000 	/usr/lib/system/libcorecrypto.dylib
0x00007fff6a0fc000 	/usr/lib/system/libdispatch.dylib
0x00007fff6a13d000 	/usr/lib/system/libdyld.dylib
0x00007fff6a174000 	/usr/lib/system/libkeymgr.dylib
0x00007fff6a182000 	/usr/lib/system/liblaunch.dylib
0x00007fff6a183000 	/usr/lib/system/libmacho.dylib
0x00007fff6a189000 	/usr/lib/system/libquarantine.dylib
0x00007fff6a18c000 	/usr/lib/system/libremovefile.dylib
0x00007fff6a18e000 	/usr/lib/system/libsystem_asl.dylib
0x00007fff6a1a6000 	/usr/lib/system/libsystem_blocks.dylib
0x00007fff6a1a7000 	/usr/lib/system/libsystem_c.dylib
0x00007fff6a22f000 	/usr/lib/system/libsystem_configuration.dylib
0x00007fff6a233000 	/usr/lib/system/libsystem_coreservices.dylib
0x00007fff6a237000 	/usr/lib/system/libsystem_darwin.dylib
0x00007fff6a240000 	/usr/lib/system/libsystem_dnssd.dylib
0x00007fff6a248000 	/usr/lib/system/libsystem_featureflags.dylib
0x00007fff6a24a000 	/usr/lib/system/libsystem_info.dylib
0x00007fff6a2c5000 	/usr/lib/system/libsystem_m.dylib
0x00007fff6a30d000 	/usr/lib/system/libsystem_malloc.dylib
0x00007fff6a335000 	/usr/lib/system/libsystem_networkextension.dylib
0x00007fff6a343000 	/usr/lib/system/libsystem_notify.dylib
0x00007fff6a361000 	/usr/lib/system/libsystem_sandbox.dylib
0x00007fff6a366000 	/usr/lib/system/libsystem_secinit.dylib
0x00007fff6a298000 	/usr/lib/system/libsystem_kernel.dylib
0x00007fff6a34d000 	/usr/lib/system/libsystem_platform.dylib
0x00007fff6a356000 	/usr/lib/system/libsystem_pthread.dylib
0x00007fff6a369000 	/usr/lib/system/libsystem_symptoms.dylib
0x00007fff6a371000 	/usr/lib/system/libsystem_trace.dylib
0x00007fff6a389000 	/usr/lib/system/libunwind.dylib
0x00007fff6a38f000 	/usr/lib/system/libxpc.dylib
0x00007fff67475000 	/usr/lib/libc++abi.dylib
0x00007fff68279000 	/usr/lib/liblzma.5.dylib
0x00007fff67ef4000 	/usr/lib/libfakelink.dylib
0x00007fff6722e000 	/usr/lib/libarchive.2.dylib
0x00007fff3da6d000 	/System/Library/Frameworks/SystemConfiguration.framework/Versions/A/SystemConfiguration
0x00007fff66b99000 	/usr/lib/libCRFSuite.dylib
0x00007fff2e8d6000 	/System/Library/Frameworks/CFNetwork.framework/Versions/A/CFNetwork
0x00007fff67404000 	/usr/lib/libbsm.0.dylib
0x00007fff6a175000 	/usr/lib/system/libkxld.dylib
0x00007fff439aa000 	/System/Library/PrivateFrameworks/AppleFSCompression.framework/Versions/A/AppleFSCompression
0x00007fff6778f000 	/usr/lib/libcoretls.dylib
0x00007fff677a6000 	/usr/lib/libcoretls_cfhelpers.dylib
0x00007fff68fe2000 	/usr/lib/libpam.2.dylib
0x00007fff69117000 	/usr/lib/libsqlite3.dylib
0x00007fff69556000 	/usr/lib/libxar.1.dylib
0x00007fff67415000 	/usr/lib/libbz2.1.0.dylib
0x00007fff67f15000 	/usr/lib/libiconv.2.dylib
0x00007fff6748b000 	/usr/lib/libcharset.1.dylib
0x00007fff68a7f000 	/usr/lib/libnetwork.dylib
0x00007fff68fe9000 	/usr/lib/libpcap.A.dylib
0x00007fff671e3000 	/usr/lib/libapple_nghttp2.dylib
0x00007fff31806000 	/System/Library/Frameworks/CoreServices.framework/Versions/A/Frameworks/FSEvents.framework/Versions/A/FSEvents
0x00007fff314d6000 	/System/Library/Frameworks/CoreServices.framework/Versions/A/Frameworks/CarbonCore.framework/Versions/A/CarbonCore
0x00007fff31a4a000 	/System/Library/Frameworks/CoreServices.framework/Versions/A/Frameworks/Metadata.framework/Versions/A/Metadata
0x00007fff31ae3000 	/System/Library/Frameworks/CoreServices.framework/Versions/A/Frameworks/OSServices.framework/Versions/A/OSServices
0x00007fff31b11000 	/System/Library/Frameworks/CoreServices.framework/Versions/A/Frameworks/SearchKit.framework/Versions/A/SearchKit
0x00007fff31450000 	/System/Library/Frameworks/CoreServices.framework/Versions/A/Frameworks/AE.framework/Versions/A/AE
0x00007fff3180f000 	/System/Library/Frameworks/CoreServices.framework/Versions/A/Frameworks/LaunchServices.framework/Versions/A/LaunchServices
0x00007fff317b8000 	/System/Library/Frameworks/CoreServices.framework/Versions/A/Frameworks/DictionaryServices.framework/Versions/A/DictionaryServices
0x00007fff31b79000 	/System/Library/Frameworks/CoreServices.framework/Versions/A/Frameworks/SharedFileList.framework/Versions/A/SharedFileList
0x00007fff36a08000 	/System/Library/Frameworks/NetFS.framework/Versions/A/NetFS
0x00007fff576f1000 	/System/Library/PrivateFrameworks/NetAuth.framework/Versions/A/NetAuth
0x00007fff64079000 	/System/Library/PrivateFrameworks/login.framework/Versions/A/Frameworks/loginsupport.framework/Versions/A/loginsupport
0x00007fff60987000 	/System/Library/PrivateFrameworks/TCC.framework/Versions/A/TCC
0x00007fff485db000 	/System/Library/PrivateFrameworks/CoreNLP.framework/Versions/A/CoreNLP
0x00007fff56bee000 	/System/Library/PrivateFrameworks/MetadataUtilities.framework/Versions/A/MetadataUtilities
0x00007fff68351000 	/usr/lib/libmecabra.dylib
0x00007fff682a9000 	/usr/lib/libmecab.dylib
0x00007fff67f05000 	/usr/lib/libgermantok.dylib
0x00007fff671ca000 	/usr/lib/libThaiTokenizer.dylib
0x00007fff66bd0000 	/usr/lib/libChineseTokenizer.dylib
0x00007fff2bd06000 	/System/Library/Frameworks/Accelerate.framework/Versions/A/Frameworks/vImage.framework/Versions/A/vImage
0x00007fff2d170000 	/System/Library/Frameworks/Accelerate.framework/Versions/A/Frameworks/vecLib.framework/Versions/A/vecLib
0x00007fff2d0ad000 	/System/Library/Frameworks/Accelerate.framework/Versions/A/Frameworks/vecLib.framework/Versions/A/libvMisc.dylib
0x00007fff2ced5000 	/System/Library/Frameworks/Accelerate.framework/Versions/A/Frameworks/vecLib.framework/Versions/A/libvDSP.dylib
0x00007fff2c35d000 	/System/Library/Frameworks/Accelerate.framework/Versions/A/Frameworks/vecLib.framework/Versions/A/libBLAS.dylib
0x00007fff2ca99000 	/System/Library/Frameworks/Accelerate.framework/Versions/A/Frameworks/vecLib.framework/Versions/A/libLAPACK.dylib
0x00007fff2ce35000 	/System/Library/Frameworks/Accelerate.framework/Versions/A/Frameworks/vecLib.framework/Versions/A/libLinearAlgebra.dylib
0x00007fff2cec2000 	/System/Library/Frameworks/Accelerate.framework/Versions/A/Frameworks/vecLib.framework/Versions/A/libSparseBLAS.dylib
0x00007fff2ce4b000 	/System/Library/Frameworks/Accelerate.framework/Versions/A/Frameworks/vecLib.framework/Versions/A/libQuadrature.dylib
0x00007fff2c5c5000 	/System/Library/Frameworks/Accelerate.framework/Versions/A/Frameworks/vecLib.framework/Versions/A/libBNNS.dylib
0x00007fff2ce51000 	/System/Library/Frameworks/Accelerate.framework/Versions/A/Frameworks/vecLib.framework/Versions/A/libSparse.dylib
0x00007fff55762000 	/System/Library/PrivateFrameworks/LanguageModeling.framework/Versions/A/LanguageModeling
0x00007fff47f8b000 	/System/Library/PrivateFrameworks/CoreEmoji.framework/Versions/A/CoreEmoji
0x00007fff55880000 	/System/Library/PrivateFrameworks/LinguisticData.framework/Versions/A/LinguisticData
0x00007fff55831000 	/System/Library/PrivateFrameworks/Lexicon.framework/Versions/A/Lexicon
0x00007fff6748c000 	/usr/lib/libcmph.dylib
0x00007fff395f7000 	/System/Library/Frameworks/OpenDirectory.framework/Versions/A/Frameworks/CFOpenDirectory.framework/Versions/A/CFOpenDirectory
0x00007fff39614000 	/System/Library/Frameworks/OpenDirectory.framework/Versions/A/OpenDirectory
0x00007fff41a57000 	/System/Library/PrivateFrameworks/APFS.framework/Versions/A/APFS
0x00007fff3cd06000 	/System/Library/Frameworks/SecurityFoundation.framework/Versions/A/SecurityFoundation
0x00007fff69552000 	/usr/lib/libutil.dylib
0x00007fff494c0000 	/System/Library/PrivateFrameworks/CoreServicesStore.framework/Versions/A/CoreServicesStore
0x00007fff3cdbd000 	/System/Library/Frameworks/ServiceManagement.framework/Versions/A/ServiceManagement
0x00007fff4517a000 	/System/Library/PrivateFrameworks/BackgroundTaskManagement.framework/Versions/A/BackgroundTaskManagement
0x00007fff6964f000 	/usr/lib/libxslt.1.dylib
0x00007fff4401d000 	/System/Library/PrivateFrameworks/AppleSystemInfo.framework/Versions/A/AppleSystemInfo
0x00007fff331ae000 	/System/Library/Frameworks/ImageIO.framework/Versions/A/Resources/libJPEG.dylib
0x00007fff3346c000 	/System/Library/Frameworks/ImageIO.framework/Versions/A/Resources/libTIFF.dylib
0x00007fff3344f000 	/System/Library/Frameworks/ImageIO.framework/Versions/A/Resources/libPng.dylib
0x00007fff330f0000 	/System/Library/Frameworks/ImageIO.framework/Versions/A/Resources/libGIF.dylib
0x00007fff330f4000 	/System/Library/Frameworks/ImageIO.framework/Versions/A/Resources/libJP2.dylib
0x00007fff3346a000 	/System/Library/Frameworks/ImageIO.framework/Versions/A/Resources/libRadiance.dylib
0x00007fff67ece000 	/usr/lib/libexpat.1.dylib
0x00007fff43b05000 	/System/Library/PrivateFrameworks/AppleJPEG.framework/Versions/A/AppleJPEG
0x00007fff4c7d6000 	/System/Library/PrivateFrameworks/FontServices.framework/libFontParser.dylib
0x00007fff6307b000 	/System/Library/PrivateFrameworks/WatchdogClient.framework/Versions/A/WatchdogClient
0x00007fff54dbd000 	/System/Library/PrivateFrameworks/IOAccelerator.framework/Versions/A/IOAccelerator
0x00007fff35979000 	/System/Library/Frameworks/MetalPerformanceShaders.framework/Versions/A/MetalPerformanceShaders
0x00007fff51553000 	/System/Library/PrivateFrameworks/GPUWrangler.framework/Versions/A/GPUWrangler
0x00007fff54dd2000 	/System/Library/PrivateFrameworks/IOPresentment.framework/Versions/A/IOPresentment
0x00007fff4a040000 	/System/Library/PrivateFrameworks/DSExternalDisplay.framework/Versions/A/DSExternalDisplay
0x00007fff39f88000 	/System/Library/Frameworks/OpenGL.framework/Versions/A/Libraries/libCoreFSCache.dylib
0x00007fff356c5000 	/System/Library/Frameworks/MetalPerformanceShaders.framework/Frameworks/MPSCore.framework/Versions/A/MPSCore
0x00007fff35703000 	/System/Library/Frameworks/MetalPerformanceShaders.framework/Frameworks/MPSImage.framework/Versions/A/MPSImage
0x00007fff357ca000 	/System/Library/Frameworks/MetalPerformanceShaders.framework/Frameworks/MPSNeuralNetwork.framework/Versions/A/MPSNeuralNetwork
0x00007fff3578e000 	/System/Library/Frameworks/MetalPerformanceShaders.framework/Frameworks/MPSMatrix.framework/Versions/A/MPSMatrix
0x00007fff35929000 	/System/Library/Frameworks/MetalPerformanceShaders.framework/Frameworks/MPSRayIntersector.framework/Versions/A/MPSRayIntersector
0x00007fff357b4000 	/System/Library/Frameworks/MetalPerformanceShaders.framework/Frameworks/MPSNDArray.framework/Versions/A/MPSNDArray
0x00007fff56c3b000 	/System/Library/PrivateFrameworks/MetalTools.framework/Versions/A/MetalTools
0x00007fff42c31000 	/System/Library/PrivateFrameworks/AggregateDictionary.framework/Versions/A/AggregateDictionary
0x00007fff479d3000 	/System/Library/PrivateFrameworks/CoreAnalytics.framework/Versions/A/CoreAnalytics
0x00007fff43f3c000 	/System/Library/PrivateFrameworks/AppleSauce.framework/Versions/A/AppleSauce
0x00007fff66e8c000 	/usr/lib/libIOReport.dylib
0x00007fff3207a000 	/System/Library/Frameworks/CoreVideo.framework/Versions/A/CoreVideo
0x00007fff529cc000 	/System/Library/PrivateFrameworks/GraphVisualizer.framework/Versions/A/GraphVisualizer
0x00007fff4bd1c000 	/System/Library/PrivateFrameworks/FaceCore.framework/Versions/A/FaceCore
0x00007fff3959e000 	/System/Library/Frameworks/OpenCL.framework/Versions/A/OpenCL
0x00007fff66cae000 	/usr/lib/libFosl_dynamic.dylib
0x00007fff58111000 	/System/Library/PrivateFrameworks/OTSVG.framework/Versions/A/OTSVG
0x00007fff2e22f000 	/System/Library/Frameworks/ApplicationServices.framework/Versions/A/Frameworks/ATS.framework/Versions/A/Resources/libFontRegistry.dylib
0x00007fff4c9a7000 	/System/Library/PrivateFrameworks/FontServices.framework/libhvf.dylib
0x00007fff39f93000 	/System/Library/Frameworks/OpenGL.framework/Versions/A/Libraries/libGFXShared.dylib
0x00007fff3a171000 	/System/Library/Frameworks/OpenGL.framework/Versions/A/Libraries/libGLU.dylib
0x00007fff39f9c000 	/System/Library/Frameworks/OpenGL.framework/Versions/A/Libraries/libGL.dylib
0x00007fff39fa7000 	/System/Library/Frameworks/OpenGL.framework/Versions/A/Libraries/libGLImage.dylib
0x00007fff39f85000 	/System/Library/Frameworks/OpenGL.framework/Versions/A/Libraries/libCVMSPluginSupport.dylib
0x00007fff39f8e000 	/System/Library/Frameworks/OpenGL.framework/Versions/A/Libraries/libCoreVMClient.dylib
0x00007fff68920000 	/usr/lib/libncurses.5.4.dylib
0x00007fff2e12b000 	/System/Library/Frameworks/ApplicationServices.framework/Versions/A/Frameworks/ATS.framework/Versions/A/ATS
0x00007fff2e2f8000 	/System/Library/Frameworks/ApplicationServices.framework/Versions/A/Frameworks/ColorSyncLegacy.framework/Versions/A/ColorSyncLegacy
0x00007fff2e396000 	/System/Library/Frameworks/ApplicationServices.framework/Versions/A/Frameworks/HIServices.framework/Versions/A/HIServices
0x00007fff2e3ee000 	/System/Library/Frameworks/ApplicationServices.framework/Versions/A/Frameworks/LangAnalysis.framework/Versions/A/LangAnalysis
0x00007fff2e3fd000 	/System/Library/Frameworks/ApplicationServices.framework/Versions/A/Frameworks/PrintCore.framework/Versions/A/PrintCore
0x00007fff2e443000 	/System/Library/Frameworks/ApplicationServices.framework/Versions/A/Frameworks/QD.framework/Versions/A/QD
0x00007fff2e44e000 	/System/Library/Frameworks/ApplicationServices.framework/Versions/A/Frameworks/SpeechSynthesis.framework/Versions/A/SpeechSynthesis
0x00007fff2e2c8000 	/System/Library/Frameworks/ApplicationServices.framework/Versions/A/Frameworks/ATSUI.framework/Versions/A/ATSUI
0x00007fff67d64000 	/usr/lib/libcups.2.dylib
0x00007fff34a14000 	/System/Library/Frameworks/Kerberos.framework/Versions/A/Kerberos
0x00007fff32b56000 	/System/Library/Frameworks/GSS.framework/Versions/A/GSS
0x00007fff690a3000 	/usr/lib/libresolv.9.dylib
0x00007fff52b79000 	/System/Library/PrivateFrameworks/Heimdal.framework/Versions/A/Heimdal
0x00007fff34a27000 	/System/Library/Frameworks/Kerberos.framework/Versions/A/Libraries/libHeimdalProxy.dylib
0x00007fff67f0b000 	/usr/lib/libheimdal-asn1.dylib
0x00007fff46e6b000 	/System/Library/PrivateFrameworks/CommonAuth.framework/Versions/A/CommonAuth
0x00007fff440ba000 	/System/Library/PrivateFrameworks/AssertionServices.framework/Versions/A/AssertionServices
0x00007fff44c5d000 	/System/Library/PrivateFrameworks/AudioToolboxCore.framework/Versions/A/AudioToolboxCore
0x00007fff63d29000 	/System/Library/PrivateFrameworks/caulk.framework/Versions/A/caulk
0x00007fff45226000 	/System/Library/PrivateFrameworks/BaseBoard.framework/Versions/A/BaseBoard
0x00007fff5c374000 	/System/Library/PrivateFrameworks/RunningBoardServices.framework/Versions/A/RunningBoardServices
0x00007fff59385000 	/System/Library/PrivateFrameworks/PersistentConnection.framework/Versions/A/PersistentConnection
0x00007fff5bd6d000 	/System/Library/PrivateFrameworks/ProtocolBuffer.framework/Versions/A/ProtocolBuffer
0x00007fff46e8f000 	/System/Library/PrivateFrameworks/CommonUtilities.framework/Versions/A/CommonUtilities
0x00007fff453b4000 	/System/Library/PrivateFrameworks/Bom.framework/Versions/A/Bom
0x00007fff66b5f000 	/usr/lib/libAudioToolboxUtility.dylib
0x00007fff45184000 	/System/Library/PrivateFrameworks/Backup.framework/Versions/A/Backup
0x00007fff49f61000 	/System/Library/PrivateFrameworks/CrashReporterSupport.framework/Versions/A/CrashReporterSupport
0x00007fff5de06000 	/System/Library/PrivateFrameworks/Sharing.framework/Versions/A/Sharing
0x00007fff436c8000 	/System/Library/PrivateFrameworks/Apple80211.framework/Versions/A/Apple80211
0x00007fff44ea1000 	/System/Library/PrivateFrameworks/AuthKit.framework/Versions/A/AuthKit
0x00007fff49c6e000 	/System/Library/PrivateFrameworks/CoreUtils.framework/Versions/A/CoreUtils
0x00007fff320bf000 	/System/Library/Frameworks/CoreWLAN.framework/Versions/A/CoreWLAN
0x00007fff32ce3000 	/System/Library/Frameworks/IOBluetooth.framework/Versions/A/IOBluetooth
0x00007fff56f40000 	/System/Library/PrivateFrameworks/MobileKeyBag.framework/Versions/A/MobileKeyBag
0x00007fff48a73000 	/System/Library/PrivateFrameworks/CorePhoneNumbers.framework/Versions/A/CorePhoneNumbers
0x00007fff43ab8000 	/System/Library/PrivateFrameworks/AppleIDAuthSupport.framework/Versions/A/AppleIDAuthSupport
0x00007fff36a15000 	/System/Library/Frameworks/Network.framework/Versions/A/Network
0x00007fff5560e000 	/System/Library/PrivateFrameworks/KeychainCircle.framework/Versions/A/KeychainCircle
0x00007fff2fb10000 	/System/Library/Frameworks/CoreBluetooth.framework/Versions/A/CoreBluetooth
0x00007fff5fe85000 	/System/Library/PrivateFrameworks/SpeechRecognitionCore.framework/Versions/A/SpeechRecognitionCore
0x0000000106000000 	/Library/Java/JavaVirtualMachines/jdk1.8.0_221.jdk/Contents/Home/jre/lib/server/libjvm.dylib
0x00007fff69425000 	/usr/lib/libstdc++.6.dylib
0x00000001056e0000 	/Library/Java/JavaVirtualMachines/jdk1.8.0_221.jdk/Contents/Home/jre/lib/libverify.dylib
0x00000001056ee000 	/Library/Java/JavaVirtualMachines/jdk1.8.0_221.jdk/Contents/Home/jre/lib/libjava.dylib
0x0000000105725000 	/Library/Java/JavaVirtualMachines/jdk1.8.0_221.jdk/Contents/Home/jre/lib/libjdwp.dylib
0x0000000105770000 	/Library/Java/JavaVirtualMachines/jdk1.8.0_221.jdk/Contents/Home/jre/lib/libnpt.dylib
0x0000000105774000 	/Library/Java/JavaVirtualMachines/jdk1.8.0_221.jdk/Contents/Home/jre/lib/libinstrument.dylib
0x00000001057e0000 	/Library/Java/JavaVirtualMachines/jdk1.8.0_221.jdk/Contents/Home/jre/lib/libzip.dylib
0x00000001057f9000 	/Library/Java/JavaVirtualMachines/jdk1.8.0_221.jdk/Contents/Home/jre/lib/libdt_socket.dylib

VM Arguments:
jvm_args: -agentlib:jdwp=transport=dt_socket,suspend=y,address=localhost:53308 -javaagent:/Users/rachelbittar/eclipse/jee-2019-09/Eclipse.app/Contents/Eclipse/configuration/org.eclipse.osgi/404/0/.cp/lib/javaagent-shaded.jar -Dfile.encoding=UTF-8 
java_command: BasicAlgorithms.Recursive_binary_search
java_class_path (initial): /Users/rachelbittar/eclipse-workspace/Data-Structure-exerciese/bin:/Users/rachelbittar/.p2/pool/plugins/org.junit_4.12.0.v201504281640/junit.jar:/Users/rachelbittar/.p2/pool/plugins/org.hamcrest.core_1.3.0.v20180420-1519.jar:/Users/rachelbittar/eclipse/jee-2019-09/Eclipse.app/Contents/Eclipse/configuration/org.eclipse.osgi/404/0/.cp/lib/javaagent-shaded.jar
Launcher Type: SUN_STANDARD

Environment Variables:
PATH=/usr/bin:/bin:/usr/sbin:/sbin
SHELL=/bin/bash

Signal Handlers:
SIGSEGV: [libjvm.dylib+0x5b71a7], sa_mask[0]=11111111011111110111111111111111, sa_flags=SA_ONSTACK|SA_RESTART|SA_SIGINFO
SIGBUS: [libjvm.dylib+0x5b71a7], sa_mask[0]=11111111011111110111111111111111, sa_flags=SA_RESTART|SA_SIGINFO
SIGFPE: [libjvm.dylib+0x48c8fc], sa_mask[0]=11111111011111110111111111111111, sa_flags=SA_RESTART|SA_SIGINFO
SIGPIPE: [libjvm.dylib+0x48c8fc], sa_mask[0]=11111111011111110111111111111111, sa_flags=SA_RESTART|SA_SIGINFO
SIGXFSZ: [libjvm.dylib+0x48c8fc], sa_mask[0]=11111111011111110111111111111111, sa_flags=SA_RESTART|SA_SIGINFO
SIGILL: [libjvm.dylib+0x48c8fc], sa_mask[0]=11111111011111110111111111111111, sa_flags=SA_RESTART|SA_SIGINFO
SIGUSR1: SIG_DFL, sa_mask[0]=00000000000000000000000000000000, sa_flags=none
SIGUSR2: [libjvm.dylib+0x48c41a], sa_mask[0]=00100000000000000000000000000000, sa_flags=SA_RESTART|SA_SIGINFO
SIGHUP: [libjvm.dylib+0x48a9a5], sa_mask[0]=11111111011111110111111111111111, sa_flags=SA_RESTART|SA_SIGINFO
SIGINT: [libjvm.dylib+0x48a9a5], sa_mask[0]=11111111011111110111111111111111, sa_flags=SA_RESTART|SA_SIGINFO
SIGTERM: [libjvm.dylib+0x48a9a5], sa_mask[0]=11111111011111110111111111111111, sa_flags=SA_RESTART|SA_SIGINFO
SIGQUIT: [libjvm.dylib+0x48a9a5], sa_mask[0]=11111111011111110111111111111111, sa_flags=SA_RESTART|SA_SIGINFO


---------------  S Y S T E M  ---------------

OS:Bsduname:Darwin 19.6.0 Darwin Kernel Version 19.6.0: Thu Jun 18 20:49:00 PDT 2020; root:xnu-6153.141.1~1/RELEASE_X86_64 x86_64
rlimit: STACK 8192k, CORE 0k, NPROC 1392, NOFILE 10240, AS infinity
load average:7.95 6.32 6.30

CPU:total 4 (initial active 4) (2 cores per cpu, 2 threads per core) family 6 model 61 stepping 4, cmov, cx8, fxsr, mmx, sse, sse2, sse3, ssse3, sse4.1, sse4.2, popcnt, avx, avx2, aes, clmul, erms, 3dnowpref, lzcnt, ht, tsc, tscinvbit, bmi1, bmi2, adx

Memory: 4k page, physical 8388608k(156668k free)

/proc/meminfo:


vm_info: Java HotSpot(TM) 64-Bit Server VM (25.221-b11) for bsd-amd64 JRE (1.8.0_221-b11), built on Jul  4 2019 04:36:22 by "java_re" with gcc 4.2.1 (Based on Apple Inc. build 5658) (LLVM build 2336.11.00)

time: Fri Feb  5 16:16:21 2021
timezone: EST
elapsed time: 1059 seconds (0d 0h 17m 39s)

