#
# A fatal error has been detected by the Java Runtime Environment:
#
#  SIGSEGV (0xb) at pc=0x000000010d84ec3c, pid=47072, tid=0x0000000000003807
#
# JRE version: Java(TM) SE Runtime Environment (8.0_221-b11) (build 1.8.0_221-b11)
# Java VM: Java HotSpot(TM) 64-Bit Server VM (25.221-b11 mixed mode bsd-amd64 compressed oops)
# Problematic frame:
# V  [libjvm.dylib+0x24ec3c]  frame::sender(RegisterMap*) const+0x78
#
# Failed to write core dump. Core dumps have been disabled. To enable core dumping, try "ulimit -c unlimited" before starting Java again
#
# If you would like to submit a bug report, please visit:
#   http://bugreport.java.com/bugreport/crash.jsp
#

---------------  T H R E A D  ---------------

Current thread (0x00007fba9d00b000):  JavaThread "JDWP Transport Listener: dt_socket" daemon [_thread_in_vm, id=14343, stack(0x000070000e857000,0x000070000e957000)]

siginfo: si_signo: 11 (SIGSEGV), si_code: 0 (unknown), si_addr: 0x0000000000000000

Registers:
RAX=0xfb058d480c74c084, RBX=0x000070000e955d90, RCX=0x3b740238830054c2, RDX=0x0000000110ab6620
RSP=0x000070000e955d00, RBP=0x000070000e955d20, RSI=0x00007fba9d0a1a18, RDI=0x00007fba9d0a1a18
R8 =0x00007fba9d0a1aa8, R9 =0x000070000e955e20, R10=0x000070000de661a8, R11=0xfffff045718b4378
R12=0x000070000e955d90, R13=0x00007fba9d00b000, R14=0x000070000e955dc0, R15=0x00007fba9d0a1a18
RIP=0x000000010d84ec3c, EFLAGS=0x0000000000010246, ERR=0x0000000000000000
  TRAPNO=0x000000000000000d

Top of Stack: (sp=0x000070000e955d00)
0x000070000e955d00:   000070000e955dc0 00007fba9cc05130
0x000070000e955d10:   000070000e955d90 000070000e9563b0
0x000070000e955d20:   000070000e955d80 000000010d84d640
0x000070000e955d30:   000070000e955d70 000000010d84e9c4
0x000070000e955d40:   0000000000007fe8 000070000e955e10
0x000070000e955d50:   000070000e955e10 00007fba9d0a1410
0x000070000e955d60:   00007fba9cc05130 00007fba9d0a1a10
0x000070000e955d70:   00000000000003dd 000070000e9563b0
0x000070000e955d80:   000070000e956380 000000010dbaefa2
0x000070000e955d90:   000000010d9b0a7a 3b740238830054c2
0x000070000e955da0:   0000000000000000 0000000100000000
0x000070000e955db0:   fb058d480c74c084 000000010d9b0a7a
0x000070000e955dc0:   00007fba9d8ef3f8 000000010dec1c80
0x000070000e955dd0:   00007fba9d0a1a00 00007fba00030023
0x000070000e955de0:   0000000000000000 0000000000000654
0x000070000e955df0:   00007fba9e090900 00007fba9d0a1a30
0x000070000e955e00:   000000000000000c 000000010dec1c80
0x000070000e955e10:   000070000de661a8 000070000de661a8
0x000070000e955e20:   0000000000000000 0000000000000656
0x000070000e955e30:   00007fba9e090900 000000000000c01b
0x000070000e955e40:   000000000000000c 000000010debf920
0x000070000e955e50:   000097e50000ac01 0000006400000000
0x000070000e955e60:   00000000000000cd 0000000000000000
0x000070000e955e70:   00000000000097fd 0000000000000000
0x000070000e955e80:   0000000000000000 0000000000000000
0x000070000e955e90:   ffffffffffffffff 000000000000c00b
0x000070000e955ea0:   000000019d0a1501 000000010de24e70
0x000070000e955eb0:   000000000000000a 0000000000000001
0x000070000e955ec0:   000000010deba230 000000010dec1c80
0x000070000e955ed0:   000000000000c00b 0000000400000028
0x000070000e955ee0:   0000000000000000 0000000000000658
0x000070000e955ef0:   00007fba9e090960 00007fba9d0a1b30 

Instructions: (pc=0x000000010d84ec3c)
0x000000010d84ec1c:   fd ff ff eb 77 49 83 7f 10 00 74 10 4c 89 e7 4c
0x000000010d84ec2c:   89 fe 4c 89 f2 e8 06 fe ff ff eb 60 49 8b 47 20
0x000000010d84ec3c:   48 8b 08 48 8b 78 08 48 83 c0 10 49 89 04 24 49
0x000000010d84ec4c:   89 44 24 28 49 89 4c 24 20 49 89 7c 24 08 e8 83 

Register to memory mapping:

RAX=0xfb058d480c74c084 is an unknown value
RBX=0x000070000e955d90 is pointing into the stack for thread: 0x00007fba9d00b000
RCX=0x3b740238830054c2 is an unknown value
RDX=0x0000000110ab6620 is an unknown value
RSP=0x000070000e955d00 is pointing into the stack for thread: 0x00007fba9d00b000
RBP=0x000070000e955d20 is pointing into the stack for thread: 0x00007fba9d00b000
RSI=0x00007fba9d0a1a18 is an unknown value
RDI=0x00007fba9d0a1a18 is an unknown value
R8 =0x00007fba9d0a1aa8 is an unknown value
R9 =0x000070000e955e20 is pointing into the stack for thread: 0x00007fba9d00b000
R10=0x000070000de661a8 is pointing into the stack for thread: 0x00007fba9e009000
R11=0xfffff045718b4378 is an unknown value
R12=0x000070000e955d90 is pointing into the stack for thread: 0x00007fba9d00b000
R13=0x00007fba9d00b000 is a thread
R14=0x000070000e955dc0 is pointing into the stack for thread: 0x00007fba9d00b000
R15=0x00007fba9d0a1a18 is an unknown value


Stack: [0x000070000e857000,0x000070000e957000],  sp=0x000070000e955d00,  free space=1019k
Native frames: (J=compiled Java code, j=interpreted, Vv=VM code, C=native code)
V  [libjvm.dylib+0x24ec3c]  frame::sender(RegisterMap*) const+0x78
V  [libjvm.dylib+0x24d640]  frame::real_sender(RegisterMap*) const+0x1e
V  [libjvm.dylib+0x5aefa2]  vframe::sender() const+0x58
V  [libjvm.dylib+0x5aea49]  vframe::java_sender() const+0x2d
V  [libjvm.dylib+0x38f452]  JvmtiEnvBase::vframeFor(JavaThread*, int)+0x5c
V  [libjvm.dylib+0x38f7cb]  JvmtiEnvBase::get_frame_location(JavaThread*, int, _jmethodID**, long*)+0x6f
V  [libjvm.dylib+0x38b1e2]  JvmtiEnv::GetFrameLocation(JavaThread*, int, _jmethodID**, long*)+0x50
V  [libjvm.dylib+0x360ce7]  jvmti_GetFrameLocation+0x156
C  [libjdwp.dylib+0x8666]  frames+0x1f5
C  [libjdwp.dylib+0xe50c]  debugLoop_run+0x1c2
C  [libjdwp.dylib+0x1f5de]  attachThread+0x4d
V  [libjvm.dylib+0x39d9d0]  JvmtiAgentThread::call_start_function()+0x38
V  [libjvm.dylib+0x570b93]  JavaThread::thread_main_inner()+0x9b
V  [libjvm.dylib+0x57228e]  JavaThread::run()+0x1c2
V  [libjvm.dylib+0x48f30a]  java_start(Thread*)+0xf6
C  [libsystem_pthread.dylib+0x6109]  _pthread_start+0x94
C  [libsystem_pthread.dylib+0x1b8b]  thread_start+0xf
C  0x0000000000000000


---------------  P R O C E S S  ---------------

Java Threads: ( => current thread )
  0x00007fba9d059000 JavaThread "SIGTERM handler" daemon [_thread_blocked, id=18439, stack(0x000070000ea5d000,0x000070000eb5d000)]
  0x00007fba9d047800 JavaThread "Service Thread" daemon [_thread_blocked, id=17667, stack(0x000070000ee69000,0x000070000ef69000)]
  0x00007fba9e038800 JavaThread "C1 CompilerThread2" daemon [_thread_blocked, id=15363, stack(0x000070000ed66000,0x000070000ee66000)]
  0x00007fba9e038000 JavaThread "C2 CompilerThread1" daemon [_thread_blocked, id=14851, stack(0x000070000ec63000,0x000070000ed63000)]
  0x00007fba9d038000 JavaThread "C2 CompilerThread0" daemon [_thread_blocked, id=18179, stack(0x000070000eb60000,0x000070000ec60000)]
  0x00007fba9d879800 JavaThread "JDWP Event Helper Thread" daemon [_thread_blocked, id=18947, stack(0x000070000e95a000,0x000070000ea5a000)]
=>0x00007fba9d00b000 JavaThread "JDWP Transport Listener: dt_socket" daemon [_thread_in_vm, id=14343, stack(0x000070000e857000,0x000070000e957000)]
  0x00007fba9d00a000 JavaThread "Signal Dispatcher" daemon [_thread_blocked, id=13827, stack(0x000070000e754000,0x000070000e854000)]
  0x00007fba9e02e000 JavaThread "Finalizer" daemon [_thread_blocked, id=11267, stack(0x000070000e54b000,0x000070000e64b000)]
  0x00007fba9d842000 JavaThread "Reference Handler" daemon [_thread_blocked, id=20739, stack(0x000070000e448000,0x000070000e548000)]
  0x00007fba9e009000 JavaThread "main" [_thread_blocked, id=3843, stack(0x000070000de36000,0x000070000df36000)]

Other Threads:
  0x00007fba9d83d800 VMThread [stack: 0x000070000e345000,0x000070000e445000] [id=21251]

VM state:synchronizing (normal execution)

VM Mutex/Monitor currently owned by a thread:  ([mutex/lock_event])
[0x00007fba9ce109b0] Threads_lock - owner thread: 0x00007fba9d83d800
[0x00007fba9ce113b0] Compile_lock - owner thread: 0x00007fba9e009000

OutOfMemory and StackOverflow Exception counts:
StackOverflowErrors=1

heap address: 0x0000000740000000, size: 2048 MB, Compressed Oops mode: Zero based, Oop shift amount: 3
Narrow klass base: 0x0000000000000000, Narrow klass shift: 3
Compressed class space size: 1073741824 Address: 0x00000007c0000000

Heap:
 PSYoungGen      total 38400K, used 7388K [0x0000000795580000, 0x0000000798000000, 0x00000007c0000000)
  eden space 33280K, 22% used [0x0000000795580000,0x0000000795cb73f0,0x0000000797600000)
  from space 5120K, 0% used [0x0000000797b00000,0x0000000797b00000,0x0000000798000000)
  to   space 5120K, 0% used [0x0000000797600000,0x0000000797600000,0x0000000797b00000)
 ParOldGen       total 87552K, used 0K [0x0000000740000000, 0x0000000745580000, 0x0000000795580000)
  object space 87552K, 0% used [0x0000000740000000,0x0000000740000000,0x0000000745580000)
 Metaspace       used 4900K, capacity 5010K, committed 5248K, reserved 1056768K
  class space    used 514K, capacity 561K, committed 640K, reserved 1048576K

Card table byte_map: [0x000000010e9b9000,0x000000010edba000] byte_map_base: 0x000000010afb9000

Marking Bits: (ParMarkBitMap*) 0x000000010defbe40
 Begin Bits: [0x000000011fa71000, 0x0000000121a71000)
 End Bits:   [0x0000000121a71000, 0x0000000123a71000)

Polling page: 0x000000010cd72000

CodeCache: size=245760Kb used=1326Kb max_used=1333Kb free=244433Kb
 bounds [0x0000000110a71000, 0x0000000110ce1000, 0x000000011fa71000]
 total_blobs=398 nmethods=114 adapters=206
 compilation: enabled

Compilation events (10 events):
Event: 0.675 Thread 0x00007fba9e038800 nmethod 110 0x0000000110bbafd0 code [0x0000000110bbb140, 0x0000000110bbb330]
Event: 0.680 Thread 0x00007fba9e038000 nmethod 107 0x0000000110bbe310 code [0x0000000110bbe480, 0x0000000110bbe798]
Event: 0.680 Thread 0x00007fba9e038800  111       3       org.eclipse.jdt.launching.internal.org.objectweb.asm.ClassReader::readUnsignedShort (26 bytes)
Event: 0.681 Thread 0x00007fba9e038800 nmethod 111 0x0000000110bbded0 code [0x0000000110bbe040, 0x0000000110bbe1f0]
Event: 0.681 Thread 0x00007fba9e038800  112       3       java.util.concurrent.ConcurrentHashMap::spread (10 bytes)
Event: 0.681 Thread 0x00007fba9e038800 nmethod 112 0x0000000110bbdbd0 code [0x0000000110bbdd20, 0x0000000110bbde70]
Event: 0.683 Thread 0x00007fba9e038800  113       3       java.nio.Buffer::checkIndex (22 bytes)
Event: 0.683 Thread 0x00007fba9e038800 nmethod 113 0x0000000110bbd090 code [0x0000000110bbd220, 0x0000000110bbd4c8]
Event: 0.683 Thread 0x00007fba9e038800  114       3       java.nio.DirectLongBufferU::ix (10 bytes)
Event: 0.684 Thread 0x00007fba9e038800 nmethod 114 0x0000000110bbcd50 code [0x0000000110bbcea0, 0x0000000110bbd010]

GC Heap History (0 events):
No events

Deoptimization events (0 events):
No events

Classes redefined (1 events):
Event: 223.810 Thread 0x00007fba9d83d800 redefined class name=recursion.PowerSum, count=1

Internal exceptions (4 events):
Event: 0.060 Thread 0x00007fba9e009000 Exception <a 'java/lang/NoSuchMethodError': Method sun.misc.Unsafe.defineClass(Ljava/lang/String;[BII)Ljava/lang/Class; name or signature does not match> (0x0000000795587cb8) thrown at [/Users/java_re/workspace/8-2-build-macosx-x86_64/jdk8u221/13320/hotsp
Event: 0.061 Thread 0x00007fba9e009000 Exception <a 'java/lang/NoSuchMethodError': Method sun.misc.Unsafe.prefetchRead(Ljava/lang/Object;J)V name or signature does not match> (0x0000000795587fa0) thrown at [/Users/java_re/workspace/8-2-build-macosx-x86_64/jdk8u221/13320/hotspot/src/share/vm/pr
Event: 271.529 Thread 0x00007fba9e009000 Exception <a 'java/lang/StackOverflowError'> (0x0000000795b60818) thrown at [/Users/java_re/workspace/8-2-build-macosx-x86_64/jdk8u221/13320/hotspot/src/share/vm/interpreter/interpreterRuntime.cpp, line 325]
Event: 286.673 Thread 0x00007fba9e009000 Exception <a 'java/io/IOException'> (0x0000000795b64750) thrown at [/Users/java_re/workspace/8-2-build-macosx-x86_64/jdk8u221/13320/hotspot/src/share/vm/prims/jni.cpp, line 710]

Events (10 events):
Event: 286.659 loading class sun/misc/Signal$1
Event: 286.659 loading class sun/misc/Signal$1 done
Event: 286.660 Thread 0x00007fba9d059000 Thread added: 0x00007fba9d059000
Event: 286.660 loading class java/lang/Shutdown
Event: 286.660 loading class java/lang/Shutdown done
Event: 286.660 loading class java/lang/Shutdown$Lock
Event: 286.666 loading class java/lang/Shutdown$Lock done
Event: 286.673 loading class java/io/InterruptedIOException
Event: 286.675 loading class java/io/InterruptedIOException done
Event: 286.676 Executing VM operation: Deoptimize


Dynamic libraries:
0x00007fff34f64000 	/System/Library/Frameworks/Cocoa.framework/Versions/A/Cocoa
0x00007fff4275b000 	/System/Library/Frameworks/Security.framework/Versions/A/Security
0x00007fff33ec9000 	/System/Library/Frameworks/ApplicationServices.framework/Versions/A/ApplicationServices
0x00007fff6f417000 	/usr/lib/libz.1.dylib
0x00007fff6cedb000 	/usr/lib/libSystem.B.dylib
0x00007fff6ed3b000 	/usr/lib/libobjc.A.dylib
0x00007fff35e06000 	/System/Library/Frameworks/CoreFoundation.framework/Versions/A/CoreFoundation
0x00007fff384c3000 	/System/Library/Frameworks/Foundation.framework/Versions/C/Foundation
0x00007fff330b9000 	/System/Library/Frameworks/AppKit.framework/Versions/C/AppKit
0x00007fff358e8000 	/System/Library/Frameworks/CoreData.framework/Versions/A/CoreData
0x00007fff66ef1000 	/System/Library/PrivateFrameworks/UIFoundation.framework/Versions/A/UIFoundation
0x00007fff61f85000 	/System/Library/PrivateFrameworks/RemoteViewServices.framework/Versions/A/RemoteViewServices
0x00007fff69a4b000 	/System/Library/PrivateFrameworks/XCTTargetBootstrap.framework/Versions/A/XCTTargetBootstrap
0x00007fff35cd3000 	/System/Library/Frameworks/CoreDisplay.framework/Versions/A/CoreDisplay
0x00007fff3b37d000 	/System/Library/Frameworks/Metal.framework/Versions/A/Metal
0x00007fff4ff72000 	/System/Library/PrivateFrameworks/DesktopServicesPriv.framework/Versions/A/DesktopServicesPriv
0x00007fff6e016000 	/usr/lib/liblangid.dylib
0x00007fff4f207000 	/System/Library/PrivateFrameworks/CoreSVG.framework/Versions/A/CoreSVG
0x00007fff650e1000 	/System/Library/PrivateFrameworks/SkyLight.framework/Versions/A/SkyLight
0x00007fff36287000 	/System/Library/Frameworks/CoreGraphics.framework/Versions/A/CoreGraphics
0x00007fff31a8d000 	/System/Library/Frameworks/Accelerate.framework/Versions/A/Accelerate
0x00007fff6f308000 	/usr/lib/libxml2.2.dylib
0x00007fff5af10000 	/System/Library/PrivateFrameworks/IconServices.framework/Versions/A/IconServices
0x00007fff38ca2000 	/System/Library/Frameworks/IOSurface.framework/Versions/A/IOSurface
0x00007fff6ca05000 	/usr/lib/libDiagnosticMessagesClient.dylib
0x00007fff4fdcc000 	/System/Library/PrivateFrameworks/DFRFoundation.framework/Versions/A/DFRFoundation
0x00007fff6dda5000 	/usr/lib/libicucore.A.dylib
0x00007fff341fb000 	/System/Library/Frameworks/AudioToolbox.framework/Versions/A/AudioToolbox
0x00007fff342de000 	/System/Library/Frameworks/AudioUnit.framework/Versions/A/AudioUnit
0x00007fff6d0dd000 	/usr/lib/libauto.dylib
0x00007fff4fe6e000 	/System/Library/PrivateFrameworks/DataDetectorsCore.framework/Versions/A/DataDetectorsCore
0x00007fff34a85000 	/System/Library/Frameworks/Carbon.framework/Versions/A/Frameworks/HIToolbox.framework/Versions/A/HIToolbox
0x00007fff41955000 	/System/Library/Frameworks/QuartzCore.framework/Versions/A/QuartzCore
0x00007fff34dc4000 	/System/Library/Frameworks/Carbon.framework/Versions/A/Frameworks/SpeechRecognition.framework/Versions/A/SpeechRecognition
0x00007fff4f8e0000 	/System/Library/PrivateFrameworks/CoreUI.framework/Versions/A/CoreUI
0x00007fff35353000 	/System/Library/Frameworks/CoreAudio.framework/Versions/A/CoreAudio
0x00007fff38182000 	/System/Library/Frameworks/DiskArbitration.framework/Versions/A/DiskArbitration
0x00007fff5cf60000 	/System/Library/PrivateFrameworks/MultitouchSupport.framework/Versions/A/MultitouchSupport
0x00007fff6dc6c000 	/usr/lib/libenergytrace.dylib
0x00007fff38bfc000 	/System/Library/Frameworks/IOKit.framework/Versions/A/IOKit
0x00007fff371ee000 	/System/Library/Frameworks/CoreServices.framework/Versions/A/CoreServices
0x00007fff5f118000 	/System/Library/PrivateFrameworks/PerformanceAnalysis.framework/Versions/A/PerformanceAnalysis
0x00007fff40988000 	/System/Library/Frameworks/OpenGL.framework/Versions/A/OpenGL
0x00007fff34f72000 	/System/Library/Frameworks/ColorSync.framework/Versions/A/ColorSync
0x00007fff3690a000 	/System/Library/Frameworks/CoreImage.framework/Versions/A/CoreImage
0x00007fff37c61000 	/System/Library/Frameworks/CoreText.framework/Versions/A/CoreText
0x00007fff38d32000 	/System/Library/Frameworks/ImageIO.framework/Versions/A/ImageIO
0x00007fff6d1c1000 	/usr/lib/libc++.1.dylib
0x00007fff6d23d000 	/usr/lib/libcompression.dylib
0x00007fff6cd49000 	/usr/lib/libMobileGestalt.dylib
0x00007fff66c5b000 	/System/Library/PrivateFrameworks/TextureIO.framework/Versions/A/TextureIO
0x00007fff6d040000 	/usr/lib/libate.dylib
0x00007fff5b119000 	/System/Library/PrivateFrameworks/InternationalSupport.framework/Versions/A/InternationalSupport
0x00007fff6fcd8000 	/usr/lib/system/libcache.dylib
0x00007fff6fcde000 	/usr/lib/system/libcommonCrypto.dylib
0x00007fff6fcea000 	/usr/lib/system/libcompiler_rt.dylib
0x00007fff6fcf2000 	/usr/lib/system/libcopyfile.dylib
0x00007fff6fcfc000 	/usr/lib/system/libcorecrypto.dylib
0x00007fff6fe9b000 	/usr/lib/system/libdispatch.dylib
0x00007fff6fedc000 	/usr/lib/system/libdyld.dylib
0x00007fff6ff13000 	/usr/lib/system/libkeymgr.dylib
0x00007fff6ff21000 	/usr/lib/system/liblaunch.dylib
0x00007fff6ff22000 	/usr/lib/system/libmacho.dylib
0x00007fff6ff28000 	/usr/lib/system/libquarantine.dylib
0x00007fff6ff2b000 	/usr/lib/system/libremovefile.dylib
0x00007fff6ff2d000 	/usr/lib/system/libsystem_asl.dylib
0x00007fff6ff45000 	/usr/lib/system/libsystem_blocks.dylib
0x00007fff6ff46000 	/usr/lib/system/libsystem_c.dylib
0x00007fff6ffce000 	/usr/lib/system/libsystem_configuration.dylib
0x00007fff6ffd2000 	/usr/lib/system/libsystem_coreservices.dylib
0x00007fff6ffd6000 	/usr/lib/system/libsystem_darwin.dylib
0x00007fff6ffdf000 	/usr/lib/system/libsystem_dnssd.dylib
0x00007fff6ffe7000 	/usr/lib/system/libsystem_featureflags.dylib
0x00007fff6ffe9000 	/usr/lib/system/libsystem_info.dylib
0x00007fff70064000 	/usr/lib/system/libsystem_m.dylib
0x00007fff700ac000 	/usr/lib/system/libsystem_malloc.dylib
0x00007fff700d4000 	/usr/lib/system/libsystem_networkextension.dylib
0x00007fff700e2000 	/usr/lib/system/libsystem_notify.dylib
0x00007fff70100000 	/usr/lib/system/libsystem_sandbox.dylib
0x00007fff70105000 	/usr/lib/system/libsystem_secinit.dylib
0x00007fff70037000 	/usr/lib/system/libsystem_kernel.dylib
0x00007fff700ec000 	/usr/lib/system/libsystem_platform.dylib
0x00007fff700f5000 	/usr/lib/system/libsystem_pthread.dylib
0x00007fff70108000 	/usr/lib/system/libsystem_symptoms.dylib
0x00007fff70110000 	/usr/lib/system/libsystem_trace.dylib
0x00007fff70128000 	/usr/lib/system/libunwind.dylib
0x00007fff7012e000 	/usr/lib/system/libxpc.dylib
0x00007fff6d214000 	/usr/lib/libc++abi.dylib
0x00007fff6e018000 	/usr/lib/liblzma.5.dylib
0x00007fff6dc93000 	/usr/lib/libfakelink.dylib
0x00007fff6cfcd000 	/usr/lib/libarchive.2.dylib
0x00007fff4380c000 	/System/Library/Frameworks/SystemConfiguration.framework/Versions/A/SystemConfiguration
0x00007fff6c938000 	/usr/lib/libCRFSuite.dylib
0x00007fff34675000 	/System/Library/Frameworks/CFNetwork.framework/Versions/A/CFNetwork
0x00007fff6d1a3000 	/usr/lib/libbsm.0.dylib
0x00007fff6ff14000 	/usr/lib/system/libkxld.dylib
0x00007fff49749000 	/System/Library/PrivateFrameworks/AppleFSCompression.framework/Versions/A/AppleFSCompression
0x00007fff6d52e000 	/usr/lib/libcoretls.dylib
0x00007fff6d545000 	/usr/lib/libcoretls_cfhelpers.dylib
0x00007fff6ed81000 	/usr/lib/libpam.2.dylib
0x00007fff6eeb6000 	/usr/lib/libsqlite3.dylib
0x00007fff6f2f5000 	/usr/lib/libxar.1.dylib
0x00007fff6d1b4000 	/usr/lib/libbz2.1.0.dylib
0x00007fff6dcb4000 	/usr/lib/libiconv.2.dylib
0x00007fff6d22a000 	/usr/lib/libcharset.1.dylib
0x00007fff6e81e000 	/usr/lib/libnetwork.dylib
0x00007fff6ed88000 	/usr/lib/libpcap.A.dylib
0x00007fff6cf82000 	/usr/lib/libapple_nghttp2.dylib
0x00007fff375a5000 	/System/Library/Frameworks/CoreServices.framework/Versions/A/Frameworks/FSEvents.framework/Versions/A/FSEvents
0x00007fff37275000 	/System/Library/Frameworks/CoreServices.framework/Versions/A/Frameworks/CarbonCore.framework/Versions/A/CarbonCore
0x00007fff377e9000 	/System/Library/Frameworks/CoreServices.framework/Versions/A/Frameworks/Metadata.framework/Versions/A/Metadata
0x00007fff37882000 	/System/Library/Frameworks/CoreServices.framework/Versions/A/Frameworks/OSServices.framework/Versions/A/OSServices
0x00007fff378b0000 	/System/Library/Frameworks/CoreServices.framework/Versions/A/Frameworks/SearchKit.framework/Versions/A/SearchKit
0x00007fff371ef000 	/System/Library/Frameworks/CoreServices.framework/Versions/A/Frameworks/AE.framework/Versions/A/AE
0x00007fff375ae000 	/System/Library/Frameworks/CoreServices.framework/Versions/A/Frameworks/LaunchServices.framework/Versions/A/LaunchServices
0x00007fff37557000 	/System/Library/Frameworks/CoreServices.framework/Versions/A/Frameworks/DictionaryServices.framework/Versions/A/DictionaryServices
0x00007fff37918000 	/System/Library/Frameworks/CoreServices.framework/Versions/A/Frameworks/SharedFileList.framework/Versions/A/SharedFileList
0x00007fff3c7a7000 	/System/Library/Frameworks/NetFS.framework/Versions/A/NetFS
0x00007fff5d490000 	/System/Library/PrivateFrameworks/NetAuth.framework/Versions/A/NetAuth
0x00007fff69e18000 	/System/Library/PrivateFrameworks/login.framework/Versions/A/Frameworks/loginsupport.framework/Versions/A/loginsupport
0x00007fff66726000 	/System/Library/PrivateFrameworks/TCC.framework/Versions/A/TCC
0x00007fff4e37a000 	/System/Library/PrivateFrameworks/CoreNLP.framework/Versions/A/CoreNLP
0x00007fff5c98d000 	/System/Library/PrivateFrameworks/MetadataUtilities.framework/Versions/A/MetadataUtilities
0x00007fff6e0f0000 	/usr/lib/libmecabra.dylib
0x00007fff6e048000 	/usr/lib/libmecab.dylib
0x00007fff6dca4000 	/usr/lib/libgermantok.dylib
0x00007fff6cf69000 	/usr/lib/libThaiTokenizer.dylib
0x00007fff6c96f000 	/usr/lib/libChineseTokenizer.dylib
0x00007fff31aa5000 	/System/Library/Frameworks/Accelerate.framework/Versions/A/Frameworks/vImage.framework/Versions/A/vImage
0x00007fff32f0f000 	/System/Library/Frameworks/Accelerate.framework/Versions/A/Frameworks/vecLib.framework/Versions/A/vecLib
0x00007fff32e4c000 	/System/Library/Frameworks/Accelerate.framework/Versions/A/Frameworks/vecLib.framework/Versions/A/libvMisc.dylib
0x00007fff32c74000 	/System/Library/Frameworks/Accelerate.framework/Versions/A/Frameworks/vecLib.framework/Versions/A/libvDSP.dylib
0x00007fff320fc000 	/System/Library/Frameworks/Accelerate.framework/Versions/A/Frameworks/vecLib.framework/Versions/A/libBLAS.dylib
0x00007fff32838000 	/System/Library/Frameworks/Accelerate.framework/Versions/A/Frameworks/vecLib.framework/Versions/A/libLAPACK.dylib
0x00007fff32bd4000 	/System/Library/Frameworks/Accelerate.framework/Versions/A/Frameworks/vecLib.framework/Versions/A/libLinearAlgebra.dylib
0x00007fff32c61000 	/System/Library/Frameworks/Accelerate.framework/Versions/A/Frameworks/vecLib.framework/Versions/A/libSparseBLAS.dylib
0x00007fff32bea000 	/System/Library/Frameworks/Accelerate.framework/Versions/A/Frameworks/vecLib.framework/Versions/A/libQuadrature.dylib
0x00007fff32364000 	/System/Library/Frameworks/Accelerate.framework/Versions/A/Frameworks/vecLib.framework/Versions/A/libBNNS.dylib
0x00007fff32bf0000 	/System/Library/Frameworks/Accelerate.framework/Versions/A/Frameworks/vecLib.framework/Versions/A/libSparse.dylib
0x00007fff5b501000 	/System/Library/PrivateFrameworks/LanguageModeling.framework/Versions/A/LanguageModeling
0x00007fff4dd2a000 	/System/Library/PrivateFrameworks/CoreEmoji.framework/Versions/A/CoreEmoji
0x00007fff5b61f000 	/System/Library/PrivateFrameworks/LinguisticData.framework/Versions/A/LinguisticData
0x00007fff5b5d0000 	/System/Library/PrivateFrameworks/Lexicon.framework/Versions/A/Lexicon
0x00007fff6d22b000 	/usr/lib/libcmph.dylib
0x00007fff3f396000 	/System/Library/Frameworks/OpenDirectory.framework/Versions/A/Frameworks/CFOpenDirectory.framework/Versions/A/CFOpenDirectory
0x00007fff3f3b3000 	/System/Library/Frameworks/OpenDirectory.framework/Versions/A/OpenDirectory
0x00007fff477f6000 	/System/Library/PrivateFrameworks/APFS.framework/Versions/A/APFS
0x00007fff42aa5000 	/System/Library/Frameworks/SecurityFoundation.framework/Versions/A/SecurityFoundation
0x00007fff6f2f1000 	/usr/lib/libutil.dylib
0x00007fff4f25f000 	/System/Library/PrivateFrameworks/CoreServicesStore.framework/Versions/A/CoreServicesStore
0x00007fff42b5c000 	/System/Library/Frameworks/ServiceManagement.framework/Versions/A/ServiceManagement
0x00007fff4af19000 	/System/Library/PrivateFrameworks/BackgroundTaskManagement.framework/Versions/A/BackgroundTaskManagement
0x00007fff6f3ee000 	/usr/lib/libxslt.1.dylib
0x00007fff49dbc000 	/System/Library/PrivateFrameworks/AppleSystemInfo.framework/Versions/A/AppleSystemInfo
0x00007fff38f4d000 	/System/Library/Frameworks/ImageIO.framework/Versions/A/Resources/libJPEG.dylib
0x00007fff3920b000 	/System/Library/Frameworks/ImageIO.framework/Versions/A/Resources/libTIFF.dylib
0x00007fff391ee000 	/System/Library/Frameworks/ImageIO.framework/Versions/A/Resources/libPng.dylib
0x00007fff38e8f000 	/System/Library/Frameworks/ImageIO.framework/Versions/A/Resources/libGIF.dylib
0x00007fff38e93000 	/System/Library/Frameworks/ImageIO.framework/Versions/A/Resources/libJP2.dylib
0x00007fff39209000 	/System/Library/Frameworks/ImageIO.framework/Versions/A/Resources/libRadiance.dylib
0x00007fff6dc6d000 	/usr/lib/libexpat.1.dylib
0x00007fff498a4000 	/System/Library/PrivateFrameworks/AppleJPEG.framework/Versions/A/AppleJPEG
0x00007fff52575000 	/System/Library/PrivateFrameworks/FontServices.framework/libFontParser.dylib
0x00007fff68e1a000 	/System/Library/PrivateFrameworks/WatchdogClient.framework/Versions/A/WatchdogClient
0x00007fff5ab5c000 	/System/Library/PrivateFrameworks/IOAccelerator.framework/Versions/A/IOAccelerator
0x00007fff3b718000 	/System/Library/Frameworks/MetalPerformanceShaders.framework/Versions/A/MetalPerformanceShaders
0x00007fff572f2000 	/System/Library/PrivateFrameworks/GPUWrangler.framework/Versions/A/GPUWrangler
0x00007fff5ab71000 	/System/Library/PrivateFrameworks/IOPresentment.framework/Versions/A/IOPresentment
0x00007fff4fddf000 	/System/Library/PrivateFrameworks/DSExternalDisplay.framework/Versions/A/DSExternalDisplay
0x00007fff3fd27000 	/System/Library/Frameworks/OpenGL.framework/Versions/A/Libraries/libCoreFSCache.dylib
0x00007fff3b464000 	/System/Library/Frameworks/MetalPerformanceShaders.framework/Frameworks/MPSCore.framework/Versions/A/MPSCore
0x00007fff3b4a2000 	/System/Library/Frameworks/MetalPerformanceShaders.framework/Frameworks/MPSImage.framework/Versions/A/MPSImage
0x00007fff3b569000 	/System/Library/Frameworks/MetalPerformanceShaders.framework/Frameworks/MPSNeuralNetwork.framework/Versions/A/MPSNeuralNetwork
0x00007fff3b52d000 	/System/Library/Frameworks/MetalPerformanceShaders.framework/Frameworks/MPSMatrix.framework/Versions/A/MPSMatrix
0x00007fff3b6c8000 	/System/Library/Frameworks/MetalPerformanceShaders.framework/Frameworks/MPSRayIntersector.framework/Versions/A/MPSRayIntersector
0x00007fff3b553000 	/System/Library/Frameworks/MetalPerformanceShaders.framework/Frameworks/MPSNDArray.framework/Versions/A/MPSNDArray
0x00007fff5c9da000 	/System/Library/PrivateFrameworks/MetalTools.framework/Versions/A/MetalTools
0x00007fff489d0000 	/System/Library/PrivateFrameworks/AggregateDictionary.framework/Versions/A/AggregateDictionary
0x00007fff4d772000 	/System/Library/PrivateFrameworks/CoreAnalytics.framework/Versions/A/CoreAnalytics
0x00007fff49cdb000 	/System/Library/PrivateFrameworks/AppleSauce.framework/Versions/A/AppleSauce
0x00007fff6cc2b000 	/usr/lib/libIOReport.dylib
0x00007fff37e19000 	/System/Library/Frameworks/CoreVideo.framework/Versions/A/CoreVideo
0x00007fff5876b000 	/System/Library/PrivateFrameworks/GraphVisualizer.framework/Versions/A/GraphVisualizer
0x00007fff51abb000 	/System/Library/PrivateFrameworks/FaceCore.framework/Versions/A/FaceCore
0x00007fff3f33d000 	/System/Library/Frameworks/OpenCL.framework/Versions/A/OpenCL
0x00007fff6ca4d000 	/usr/lib/libFosl_dynamic.dylib
0x00007fff5deb0000 	/System/Library/PrivateFrameworks/OTSVG.framework/Versions/A/OTSVG
0x00007fff33fce000 	/System/Library/Frameworks/ApplicationServices.framework/Versions/A/Frameworks/ATS.framework/Versions/A/Resources/libFontRegistry.dylib
0x00007fff52746000 	/System/Library/PrivateFrameworks/FontServices.framework/libhvf.dylib
0x00007fff3fd32000 	/System/Library/Frameworks/OpenGL.framework/Versions/A/Libraries/libGFXShared.dylib
0x00007fff3ff10000 	/System/Library/Frameworks/OpenGL.framework/Versions/A/Libraries/libGLU.dylib
0x00007fff3fd3b000 	/System/Library/Frameworks/OpenGL.framework/Versions/A/Libraries/libGL.dylib
0x00007fff3fd46000 	/System/Library/Frameworks/OpenGL.framework/Versions/A/Libraries/libGLImage.dylib
0x00007fff3fd24000 	/System/Library/Frameworks/OpenGL.framework/Versions/A/Libraries/libCVMSPluginSupport.dylib
0x00007fff3fd2d000 	/System/Library/Frameworks/OpenGL.framework/Versions/A/Libraries/libCoreVMClient.dylib
0x00007fff6e6bf000 	/usr/lib/libncurses.5.4.dylib
0x00007fff33eca000 	/System/Library/Frameworks/ApplicationServices.framework/Versions/A/Frameworks/ATS.framework/Versions/A/ATS
0x00007fff34097000 	/System/Library/Frameworks/ApplicationServices.framework/Versions/A/Frameworks/ColorSyncLegacy.framework/Versions/A/ColorSyncLegacy
0x00007fff34135000 	/System/Library/Frameworks/ApplicationServices.framework/Versions/A/Frameworks/HIServices.framework/Versions/A/HIServices
0x00007fff3418d000 	/System/Library/Frameworks/ApplicationServices.framework/Versions/A/Frameworks/LangAnalysis.framework/Versions/A/LangAnalysis
0x00007fff3419c000 	/System/Library/Frameworks/ApplicationServices.framework/Versions/A/Frameworks/PrintCore.framework/Versions/A/PrintCore
0x00007fff341e2000 	/System/Library/Frameworks/ApplicationServices.framework/Versions/A/Frameworks/QD.framework/Versions/A/QD
0x00007fff341ed000 	/System/Library/Frameworks/ApplicationServices.framework/Versions/A/Frameworks/SpeechSynthesis.framework/Versions/A/SpeechSynthesis
0x00007fff34067000 	/System/Library/Frameworks/ApplicationServices.framework/Versions/A/Frameworks/ATSUI.framework/Versions/A/ATSUI
0x00007fff6db03000 	/usr/lib/libcups.2.dylib
0x00007fff3a7b3000 	/System/Library/Frameworks/Kerberos.framework/Versions/A/Kerberos
0x00007fff388f5000 	/System/Library/Frameworks/GSS.framework/Versions/A/GSS
0x00007fff6ee42000 	/usr/lib/libresolv.9.dylib
0x00007fff58918000 	/System/Library/PrivateFrameworks/Heimdal.framework/Versions/A/Heimdal
0x00007fff3a7c6000 	/System/Library/Frameworks/Kerberos.framework/Versions/A/Libraries/libHeimdalProxy.dylib
0x00007fff6dcaa000 	/usr/lib/libheimdal-asn1.dylib
0x00007fff4cc0a000 	/System/Library/PrivateFrameworks/CommonAuth.framework/Versions/A/CommonAuth
0x00007fff49e59000 	/System/Library/PrivateFrameworks/AssertionServices.framework/Versions/A/AssertionServices
0x00007fff4a9fc000 	/System/Library/PrivateFrameworks/AudioToolboxCore.framework/Versions/A/AudioToolboxCore
0x00007fff69ac8000 	/System/Library/PrivateFrameworks/caulk.framework/Versions/A/caulk
0x00007fff4afc5000 	/System/Library/PrivateFrameworks/BaseBoard.framework/Versions/A/BaseBoard
0x00007fff62113000 	/System/Library/PrivateFrameworks/RunningBoardServices.framework/Versions/A/RunningBoardServices
0x00007fff5f124000 	/System/Library/PrivateFrameworks/PersistentConnection.framework/Versions/A/PersistentConnection
0x00007fff61b0c000 	/System/Library/PrivateFrameworks/ProtocolBuffer.framework/Versions/A/ProtocolBuffer
0x00007fff4cc2e000 	/System/Library/PrivateFrameworks/CommonUtilities.framework/Versions/A/CommonUtilities
0x00007fff4b153000 	/System/Library/PrivateFrameworks/Bom.framework/Versions/A/Bom
0x00007fff6c8fe000 	/usr/lib/libAudioToolboxUtility.dylib
0x00007fff4af23000 	/System/Library/PrivateFrameworks/Backup.framework/Versions/A/Backup
0x00007fff4fd00000 	/System/Library/PrivateFrameworks/CrashReporterSupport.framework/Versions/A/CrashReporterSupport
0x00007fff63ba5000 	/System/Library/PrivateFrameworks/Sharing.framework/Versions/A/Sharing
0x00007fff49467000 	/System/Library/PrivateFrameworks/Apple80211.framework/Versions/A/Apple80211
0x00007fff4ac40000 	/System/Library/PrivateFrameworks/AuthKit.framework/Versions/A/AuthKit
0x00007fff4fa0d000 	/System/Library/PrivateFrameworks/CoreUtils.framework/Versions/A/CoreUtils
0x00007fff37e5e000 	/System/Library/Frameworks/CoreWLAN.framework/Versions/A/CoreWLAN
0x00007fff38a82000 	/System/Library/Frameworks/IOBluetooth.framework/Versions/A/IOBluetooth
0x00007fff5ccdf000 	/System/Library/PrivateFrameworks/MobileKeyBag.framework/Versions/A/MobileKeyBag
0x00007fff4e812000 	/System/Library/PrivateFrameworks/CorePhoneNumbers.framework/Versions/A/CorePhoneNumbers
0x00007fff49857000 	/System/Library/PrivateFrameworks/AppleIDAuthSupport.framework/Versions/A/AppleIDAuthSupport
0x00007fff3c7b4000 	/System/Library/Frameworks/Network.framework/Versions/A/Network
0x00007fff5b3ad000 	/System/Library/PrivateFrameworks/KeychainCircle.framework/Versions/A/KeychainCircle
0x00007fff358af000 	/System/Library/Frameworks/CoreBluetooth.framework/Versions/A/CoreBluetooth
0x00007fff65c24000 	/System/Library/PrivateFrameworks/SpeechRecognitionCore.framework/Versions/A/SpeechRecognitionCore
0x000000010d600000 	/Library/Java/JavaVirtualMachines/jdk1.8.0_221.jdk/Contents/Home/jre/lib/server/libjvm.dylib
0x00007fff6f1c4000 	/usr/lib/libstdc++.6.dylib
0x000000010cd2e000 	/Library/Java/JavaVirtualMachines/jdk1.8.0_221.jdk/Contents/Home/jre/lib/libverify.dylib
0x000000010cd3c000 	/Library/Java/JavaVirtualMachines/jdk1.8.0_221.jdk/Contents/Home/jre/lib/libjava.dylib
0x000000010cd73000 	/Library/Java/JavaVirtualMachines/jdk1.8.0_221.jdk/Contents/Home/jre/lib/libjdwp.dylib
0x000000010cdbe000 	/Library/Java/JavaVirtualMachines/jdk1.8.0_221.jdk/Contents/Home/jre/lib/libnpt.dylib
0x000000010cdc2000 	/Library/Java/JavaVirtualMachines/jdk1.8.0_221.jdk/Contents/Home/jre/lib/libinstrument.dylib
0x000000010cdee000 	/Library/Java/JavaVirtualMachines/jdk1.8.0_221.jdk/Contents/Home/jre/lib/libzip.dylib
0x000000010fe7b000 	/Library/Java/JavaVirtualMachines/jdk1.8.0_221.jdk/Contents/Home/jre/lib/libdt_socket.dylib

VM Arguments:
jvm_args: -agentlib:jdwp=transport=dt_socket,suspend=y,address=localhost:50732 -javaagent:/Users/rachelbittar/eclipse/jee-2019-09/Eclipse.app/Contents/Eclipse/configuration/org.eclipse.osgi/404/0/.cp/lib/javaagent-shaded.jar -Dfile.encoding=UTF-8 
java_command: recursion.PowerSum
java_class_path (initial): /Users/rachelbittar/eclipse-workspace/Data-Structure-exerciese/bin:/Users/rachelbittar/.p2/pool/plugins/org.junit_4.12.0.v201504281640/junit.jar:/Users/rachelbittar/.p2/pool/plugins/org.hamcrest.core_1.3.0.v20180420-1519.jar:/Users/rachelbittar/eclipse/jee-2019-09/Eclipse.app/Contents/Eclipse/configuration/org.eclipse.osgi/404/0/.cp/lib/javaagent-shaded.jar
Launcher Type: SUN_STANDARD

Environment Variables:
PATH=/usr/bin:/bin:/usr/sbin:/sbin
SHELL=/bin/bash

Signal Handlers:
SIGSEGV: [libjvm.dylib+0x5b71a7], sa_mask[0]=11111111011111110111111111111111, sa_flags=SA_ONSTACK|SA_RESTART|SA_SIGINFO
SIGBUS: [libjvm.dylib+0x5b71a7], sa_mask[0]=11111111011111110111111111111111, sa_flags=SA_RESTART|SA_SIGINFO
SIGFPE: [libjvm.dylib+0x48c8fc], sa_mask[0]=11111111011111110111111111111111, sa_flags=SA_RESTART|SA_SIGINFO
SIGPIPE: [libjvm.dylib+0x48c8fc], sa_mask[0]=11111111011111110111111111111111, sa_flags=SA_RESTART|SA_SIGINFO
SIGXFSZ: [libjvm.dylib+0x48c8fc], sa_mask[0]=11111111011111110111111111111111, sa_flags=SA_RESTART|SA_SIGINFO
SIGILL: [libjvm.dylib+0x48c8fc], sa_mask[0]=11111111011111110111111111111111, sa_flags=SA_RESTART|SA_SIGINFO
SIGUSR1: SIG_DFL, sa_mask[0]=00000000000000000000000000000000, sa_flags=none
SIGUSR2: [libjvm.dylib+0x48c41a], sa_mask[0]=00100000000000000000000000000000, sa_flags=SA_RESTART|SA_SIGINFO
SIGHUP: [libjvm.dylib+0x48a9a5], sa_mask[0]=11111111011111110111111111111111, sa_flags=SA_RESTART|SA_SIGINFO
SIGINT: [libjvm.dylib+0x48a9a5], sa_mask[0]=11111111011111110111111111111111, sa_flags=SA_RESTART|SA_SIGINFO
SIGTERM: [libjvm.dylib+0x48a9a5], sa_mask[0]=11111111011111110111111111111111, sa_flags=SA_RESTART|SA_SIGINFO
SIGQUIT: [libjvm.dylib+0x48a9a5], sa_mask[0]=11111111011111110111111111111111, sa_flags=SA_RESTART|SA_SIGINFO


---------------  S Y S T E M  ---------------

OS:Bsduname:Darwin 19.6.0 Darwin Kernel Version 19.6.0: Thu Jun 18 20:49:00 PDT 2020; root:xnu-6153.141.1~1/RELEASE_X86_64 x86_64
rlimit: STACK 8192k, CORE 0k, NPROC 1392, NOFILE 10240, AS infinity
load average:3.80 3.59 3.90

CPU:total 4 (initial active 4) (2 cores per cpu, 2 threads per core) family 6 model 61 stepping 4, cmov, cx8, fxsr, mmx, sse, sse2, sse3, ssse3, sse4.1, sse4.2, popcnt, avx, avx2, aes, clmul, erms, 3dnowpref, lzcnt, ht, tsc, tscinvbit, bmi1, bmi2, adx

Memory: 4k page, physical 8388608k(20488k free)

/proc/meminfo:


vm_info: Java HotSpot(TM) 64-Bit Server VM (25.221-b11) for bsd-amd64 JRE (1.8.0_221-b11), built on Jul  4 2019 04:36:22 by "java_re" with gcc 4.2.1 (Based on Apple Inc. build 5658) (LLVM build 2336.11.00)

time: Wed Jan 27 22:39:39 2021
timezone: EST
elapsed time: 286 seconds (0d 0h 4m 46s)

